mode: set
github.com/fernandoocampo/kbkitt/apps/kbcli/internal/kbs/model.go:167.48,168.39 1 1
github.com/fernandoocampo/kbkitt/apps/kbcli/internal/kbs/model.go:168.39,169.29 1 1
github.com/fernandoocampo/kbkitt/apps/kbcli/internal/kbs/model.go:169.29,170.21 1 1
github.com/fernandoocampo/kbkitt/apps/kbcli/internal/kbs/model.go:170.21,172.5 1 1
github.com/fernandoocampo/kbkitt/apps/kbcli/internal/kbs/model.go:177.54,178.39 1 1
github.com/fernandoocampo/kbkitt/apps/kbcli/internal/kbs/model.go:178.39,179.29 1 1
github.com/fernandoocampo/kbkitt/apps/kbcli/internal/kbs/model.go:179.29,180.26 1 1
github.com/fernandoocampo/kbkitt/apps/kbcli/internal/kbs/model.go:180.26,182.5 1 1
github.com/fernandoocampo/kbkitt/apps/kbcli/internal/kbs/model.go:187.48,188.39 1 1
github.com/fernandoocampo/kbkitt/apps/kbcli/internal/kbs/model.go:188.39,189.29 1 1
github.com/fernandoocampo/kbkitt/apps/kbcli/internal/kbs/model.go:189.29,190.41 1 1
github.com/fernandoocampo/kbkitt/apps/kbcli/internal/kbs/model.go:190.41,192.5 1 1
github.com/fernandoocampo/kbkitt/apps/kbcli/internal/kbs/model.go:197.54,198.39 1 1
github.com/fernandoocampo/kbkitt/apps/kbcli/internal/kbs/model.go:198.39,199.29 1 1
github.com/fernandoocampo/kbkitt/apps/kbcli/internal/kbs/model.go:199.29,200.27 1 1
github.com/fernandoocampo/kbkitt/apps/kbcli/internal/kbs/model.go:200.27,202.5 1 1
github.com/fernandoocampo/kbkitt/apps/kbcli/internal/kbs/model.go:207.58,214.2 1 1
github.com/fernandoocampo/kbkitt/apps/kbcli/internal/kbs/model.go:216.45,220.2 1 1
github.com/fernandoocampo/kbkitt/apps/kbcli/internal/kbs/model.go:222.50,226.2 1 1
github.com/fernandoocampo/kbkitt/apps/kbcli/internal/kbs/model.go:228.72,233.2 1 1
github.com/fernandoocampo/kbkitt/apps/kbcli/internal/kbs/model.go:235.50,239.2 1 1
github.com/fernandoocampo/kbkitt/apps/kbcli/internal/kbs/model.go:241.72,246.2 1 1
github.com/fernandoocampo/kbkitt/apps/kbcli/internal/kbs/model.go:248.35,250.2 1 1
github.com/fernandoocampo/kbkitt/apps/kbcli/internal/kbs/model.go:252.38,253.20 1 1
github.com/fernandoocampo/kbkitt/apps/kbcli/internal/kbs/model.go:253.20,255.3 1 1
github.com/fernandoocampo/kbkitt/apps/kbcli/internal/kbs/model.go:257.2,257.18 1 1
github.com/fernandoocampo/kbkitt/apps/kbcli/internal/kbs/model.go:260.38,262.2 1 1
github.com/fernandoocampo/kbkitt/apps/kbcli/internal/kbs/model.go:264.37,265.20 1 1
github.com/fernandoocampo/kbkitt/apps/kbcli/internal/kbs/model.go:265.20,267.3 1 1
github.com/fernandoocampo/kbkitt/apps/kbcli/internal/kbs/model.go:269.2,269.18 1 1
github.com/fernandoocampo/kbkitt/apps/kbcli/internal/kbs/model.go:272.38,274.2 1 1
github.com/fernandoocampo/kbkitt/apps/kbcli/internal/kbs/model.go:276.33,279.17 2 1
github.com/fernandoocampo/kbkitt/apps/kbcli/internal/kbs/model.go:279.17,281.3 1 0
github.com/fernandoocampo/kbkitt/apps/kbcli/internal/kbs/model.go:283.2,283.19 1 1
github.com/fernandoocampo/kbkitt/apps/kbcli/internal/kbs/model.go:283.19,285.3 1 1
github.com/fernandoocampo/kbkitt/apps/kbcli/internal/kbs/model.go:287.2,287.22 1 1
github.com/fernandoocampo/kbkitt/apps/kbcli/internal/kbs/model.go:287.22,289.3 1 1
github.com/fernandoocampo/kbkitt/apps/kbcli/internal/kbs/model.go:291.2,291.23 1 1
github.com/fernandoocampo/kbkitt/apps/kbcli/internal/kbs/model.go:291.23,293.3 1 1
github.com/fernandoocampo/kbkitt/apps/kbcli/internal/kbs/model.go:295.2,295.22 1 1
github.com/fernandoocampo/kbkitt/apps/kbcli/internal/kbs/model.go:295.22,297.3 1 1
github.com/fernandoocampo/kbkitt/apps/kbcli/internal/kbs/model.go:299.2,299.29 1 1
github.com/fernandoocampo/kbkitt/apps/kbcli/internal/kbs/model.go:299.29,300.21 1 1
github.com/fernandoocampo/kbkitt/apps/kbcli/internal/kbs/model.go:300.21,302.4 1 1
github.com/fernandoocampo/kbkitt/apps/kbcli/internal/kbs/model.go:305.2,305.12 1 1
github.com/fernandoocampo/kbkitt/apps/kbcli/internal/kbs/model.go:308.30,311.17 2 1
github.com/fernandoocampo/kbkitt/apps/kbcli/internal/kbs/model.go:311.17,313.3 1 0
github.com/fernandoocampo/kbkitt/apps/kbcli/internal/kbs/model.go:315.2,315.19 1 1
github.com/fernandoocampo/kbkitt/apps/kbcli/internal/kbs/model.go:315.19,317.3 1 1
github.com/fernandoocampo/kbkitt/apps/kbcli/internal/kbs/model.go:319.2,319.22 1 1
github.com/fernandoocampo/kbkitt/apps/kbcli/internal/kbs/model.go:319.22,321.3 1 1
github.com/fernandoocampo/kbkitt/apps/kbcli/internal/kbs/model.go:323.2,323.23 1 1
github.com/fernandoocampo/kbkitt/apps/kbcli/internal/kbs/model.go:323.23,325.3 1 1
github.com/fernandoocampo/kbkitt/apps/kbcli/internal/kbs/model.go:327.2,327.22 1 1
github.com/fernandoocampo/kbkitt/apps/kbcli/internal/kbs/model.go:327.22,329.3 1 1
github.com/fernandoocampo/kbkitt/apps/kbcli/internal/kbs/model.go:331.2,331.29 1 1
github.com/fernandoocampo/kbkitt/apps/kbcli/internal/kbs/model.go:331.29,332.21 1 1
github.com/fernandoocampo/kbkitt/apps/kbcli/internal/kbs/model.go:332.21,334.4 1 0
github.com/fernandoocampo/kbkitt/apps/kbcli/internal/kbs/model.go:337.2,337.12 1 1
github.com/fernandoocampo/kbkitt/apps/kbcli/internal/kbs/model.go:340.41,342.16 2 1
github.com/fernandoocampo/kbkitt/apps/kbcli/internal/kbs/model.go:342.16,344.3 1 0
github.com/fernandoocampo/kbkitt/apps/kbcli/internal/kbs/model.go:346.2,346.20 1 1
github.com/fernandoocampo/kbkitt/apps/kbcli/internal/kbs/model.go:349.38,351.16 2 1
github.com/fernandoocampo/kbkitt/apps/kbcli/internal/kbs/model.go:351.16,353.3 1 0
github.com/fernandoocampo/kbkitt/apps/kbcli/internal/kbs/model.go:355.2,355.20 1 1
github.com/fernandoocampo/kbkitt/apps/kbcli/internal/kbs/model.go:358.41,359.54 1 1
github.com/fernandoocampo/kbkitt/apps/kbcli/internal/kbs/model.go:359.54,361.3 1 1
github.com/fernandoocampo/kbkitt/apps/kbcli/internal/kbs/model.go:363.2,363.12 1 1
github.com/fernandoocampo/kbkitt/apps/kbcli/internal/kbs/model.go:366.26,381.2 4 1
github.com/fernandoocampo/kbkitt/apps/kbcli/internal/kbs/model.go:383.29,401.2 1 1
github.com/fernandoocampo/kbkitt/apps/kbcli/internal/kbs/model.go:403.32,404.23 1 1
github.com/fernandoocampo/kbkitt/apps/kbcli/internal/kbs/model.go:404.23,413.3 1 1
github.com/fernandoocampo/kbkitt/apps/kbcli/internal/kbs/model.go:414.2,422.87 1 1
github.com/fernandoocampo/kbkitt/apps/kbcli/internal/kbs/model.go:425.34,427.2 1 1
github.com/fernandoocampo/kbkitt/apps/kbcli/internal/kbs/model.go:429.40,431.2 1 1
github.com/fernandoocampo/kbkitt/apps/kbcli/internal/kbs/model.go:433.32,435.2 1 1
github.com/fernandoocampo/kbkitt/apps/kbcli/internal/kbs/model.go:437.38,439.2 1 1
github.com/fernandoocampo/kbkitt/apps/kbcli/internal/kbs/model.go:441.35,443.2 1 1
github.com/fernandoocampo/kbkitt/apps/kbcli/internal/kbs/model.go:445.39,447.2 1 1
github.com/fernandoocampo/kbkitt/apps/kbcli/internal/kbs/model.go:449.53,451.16 2 1
github.com/fernandoocampo/kbkitt/apps/kbcli/internal/kbs/model.go:451.16,453.3 1 0
github.com/fernandoocampo/kbkitt/apps/kbcli/internal/kbs/model.go:455.2,459.33 4 1
github.com/fernandoocampo/kbkitt/apps/kbcli/internal/kbs/model.go:459.33,462.3 2 1
github.com/fernandoocampo/kbkitt/apps/kbcli/internal/kbs/model.go:464.2,464.21 1 1
github.com/fernandoocampo/kbkitt/apps/kbcli/internal/kbs/model.go:467.65,469.30 2 1
github.com/fernandoocampo/kbkitt/apps/kbcli/internal/kbs/model.go:469.30,470.30 1 1
github.com/fernandoocampo/kbkitt/apps/kbcli/internal/kbs/model.go:470.30,472.4 1 1
github.com/fernandoocampo/kbkitt/apps/kbcli/internal/kbs/model.go:474.2,474.19 1 1
github.com/fernandoocampo/kbkitt/apps/kbcli/internal/kbs/model.go:477.41,479.2 1 1
github.com/fernandoocampo/kbkitt/apps/kbcli/internal/kbs/model.go:481.36,483.2 1 1
github.com/fernandoocampo/kbkitt/apps/kbcli/internal/kbs/model.go:485.48,490.2 1 1
github.com/fernandoocampo/kbkitt/apps/kbcli/internal/kbs/model.go:492.38,495.17 2 1
github.com/fernandoocampo/kbkitt/apps/kbcli/internal/kbs/model.go:495.17,497.3 1 1
github.com/fernandoocampo/kbkitt/apps/kbcli/internal/kbs/model.go:499.2,499.39 1 1
github.com/fernandoocampo/kbkitt/apps/kbcli/internal/kbs/model.go:499.39,501.3 1 1
github.com/fernandoocampo/kbkitt/apps/kbcli/internal/kbs/model.go:503.2,503.12 1 1
github.com/fernandoocampo/kbkitt/apps/kbcli/internal/kbs/model.go:506.34,508.16 2 1
github.com/fernandoocampo/kbkitt/apps/kbcli/internal/kbs/model.go:508.16,510.3 1 1
github.com/fernandoocampo/kbkitt/apps/kbcli/internal/kbs/model.go:512.2,512.19 1 1
github.com/fernandoocampo/kbkitt/apps/kbcli/internal/kbs/model.go:512.19,514.3 1 0
github.com/fernandoocampo/kbkitt/apps/kbcli/internal/kbs/model.go:516.2,516.13 1 1
github.com/fernandoocampo/kbkitt/apps/kbcli/internal/kbs/model.go:520.37,521.12 1 1
github.com/fernandoocampo/kbkitt/apps/kbcli/internal/kbs/model.go:521.12,523.3 1 1
github.com/fernandoocampo/kbkitt/apps/kbcli/internal/kbs/model.go:525.2,525.23 1 1
github.com/fernandoocampo/kbkitt/apps/kbcli/internal/kbs/service.go:47.49,56.2 2 1
github.com/fernandoocampo/kbkitt/apps/kbcli/internal/kbs/service.go:62.70,64.16 2 1
github.com/fernandoocampo/kbkitt/apps/kbcli/internal/kbs/service.go:64.16,66.3 1 1
github.com/fernandoocampo/kbkitt/apps/kbcli/internal/kbs/service.go:68.2,71.50 3 1
github.com/fernandoocampo/kbkitt/apps/kbcli/internal/kbs/service.go:71.50,73.3 1 0
github.com/fernandoocampo/kbkitt/apps/kbcli/internal/kbs/service.go:75.2,75.16 1 1
github.com/fernandoocampo/kbkitt/apps/kbcli/internal/kbs/service.go:75.16,77.3 1 0
github.com/fernandoocampo/kbkitt/apps/kbcli/internal/kbs/service.go:79.2,79.17 1 1
github.com/fernandoocampo/kbkitt/apps/kbcli/internal/kbs/service.go:82.60,84.16 2 1
github.com/fernandoocampo/kbkitt/apps/kbcli/internal/kbs/service.go:84.16,86.3 1 1
github.com/fernandoocampo/kbkitt/apps/kbcli/internal/kbs/service.go:88.2,89.50 2 1
github.com/fernandoocampo/kbkitt/apps/kbcli/internal/kbs/service.go:89.50,91.3 1 0
github.com/fernandoocampo/kbkitt/apps/kbcli/internal/kbs/service.go:93.2,93.16 1 1
github.com/fernandoocampo/kbkitt/apps/kbcli/internal/kbs/service.go:93.16,95.3 1 0
github.com/fernandoocampo/kbkitt/apps/kbcli/internal/kbs/service.go:97.2,97.12 1 1
github.com/fernandoocampo/kbkitt/apps/kbcli/internal/kbs/service.go:100.86,102.16 2 1
github.com/fernandoocampo/kbkitt/apps/kbcli/internal/kbs/service.go:102.16,104.3 1 1
github.com/fernandoocampo/kbkitt/apps/kbcli/internal/kbs/service.go:106.2,111.31 2 1
github.com/fernandoocampo/kbkitt/apps/kbcli/internal/kbs/service.go:111.31,114.17 3 1
github.com/fernandoocampo/kbkitt/apps/kbcli/internal/kbs/service.go:114.17,116.12 2 1
github.com/fernandoocampo/kbkitt/apps/kbcli/internal/kbs/service.go:119.3,119.35 1 1
github.com/fernandoocampo/kbkitt/apps/kbcli/internal/kbs/service.go:122.2,122.21 1 1
github.com/fernandoocampo/kbkitt/apps/kbcli/internal/kbs/service.go:125.95,127.16 2 1
github.com/fernandoocampo/kbkitt/apps/kbcli/internal/kbs/service.go:127.16,129.3 1 1
github.com/fernandoocampo/kbkitt/apps/kbcli/internal/kbs/service.go:131.2,132.16 2 1
github.com/fernandoocampo/kbkitt/apps/kbcli/internal/kbs/service.go:132.16,134.3 1 0
github.com/fernandoocampo/kbkitt/apps/kbcli/internal/kbs/service.go:136.2,136.20 1 1
github.com/fernandoocampo/kbkitt/apps/kbcli/internal/kbs/service.go:139.71,141.16 2 1
github.com/fernandoocampo/kbkitt/apps/kbcli/internal/kbs/service.go:141.16,143.3 1 0
github.com/fernandoocampo/kbkitt/apps/kbcli/internal/kbs/service.go:145.2,146.16 2 1
github.com/fernandoocampo/kbkitt/apps/kbcli/internal/kbs/service.go:146.16,148.3 1 0
github.com/fernandoocampo/kbkitt/apps/kbcli/internal/kbs/service.go:150.2,152.12 2 1
github.com/fernandoocampo/kbkitt/apps/kbcli/internal/kbs/service.go:152.12,154.3 1 0
github.com/fernandoocampo/kbkitt/apps/kbcli/internal/kbs/service.go:156.2,159.16 3 1
github.com/fernandoocampo/kbkitt/apps/kbcli/internal/kbs/service.go:159.16,161.3 1 0
github.com/fernandoocampo/kbkitt/apps/kbcli/internal/kbs/service.go:163.2,163.12 1 1
github.com/fernandoocampo/kbkitt/apps/kbcli/internal/kbs/service.go:166.66,168.16 2 1
github.com/fernandoocampo/kbkitt/apps/kbcli/internal/kbs/service.go:168.16,170.3 1 0
github.com/fernandoocampo/kbkitt/apps/kbcli/internal/kbs/service.go:172.2,172.22 1 1
github.com/fernandoocampo/kbkitt/apps/kbcli/internal/kbs/service.go:172.22,174.3 1 1
github.com/fernandoocampo/kbkitt/apps/kbcli/internal/kbs/service.go:176.2,177.16 2 1
github.com/fernandoocampo/kbkitt/apps/kbcli/internal/kbs/service.go:177.16,179.3 1 0
github.com/fernandoocampo/kbkitt/apps/kbcli/internal/kbs/service.go:181.2,181.12 1 1
github.com/fernandoocampo/kbkitt/apps/kbcli/internal/kbs/service.go:181.12,183.3 1 1
github.com/fernandoocampo/kbkitt/apps/kbcli/internal/kbs/service.go:185.2,190.31 2 1
github.com/fernandoocampo/kbkitt/apps/kbcli/internal/kbs/service.go:190.31,192.17 2 1
github.com/fernandoocampo/kbkitt/apps/kbcli/internal/kbs/service.go:192.17,194.12 2 1
github.com/fernandoocampo/kbkitt/apps/kbcli/internal/kbs/service.go:197.3,197.32 1 1
github.com/fernandoocampo/kbkitt/apps/kbcli/internal/kbs/service.go:200.2,200.21 1 1
github.com/fernandoocampo/kbkitt/apps/kbcli/internal/kbs/service.go:203.69,205.16 2 1
github.com/fernandoocampo/kbkitt/apps/kbcli/internal/kbs/service.go:205.16,207.3 1 0
github.com/fernandoocampo/kbkitt/apps/kbcli/internal/kbs/service.go:209.2,209.20 1 1
github.com/fernandoocampo/kbkitt/apps/kbcli/internal/kbs/service.go:209.20,211.3 1 1
github.com/fernandoocampo/kbkitt/apps/kbcli/internal/kbs/service.go:213.2,213.28 1 0
github.com/fernandoocampo/kbkitt/apps/kbcli/internal/kbs/service.go:213.28,215.3 1 0
github.com/fernandoocampo/kbkitt/apps/kbcli/internal/kbs/service.go:218.2,219.16 2 0
github.com/fernandoocampo/kbkitt/apps/kbcli/internal/kbs/service.go:219.16,221.3 1 0
github.com/fernandoocampo/kbkitt/apps/kbcli/internal/kbs/service.go:223.2,223.23 1 0
github.com/fernandoocampo/kbkitt/apps/kbcli/internal/kbs/service.go:223.23,225.17 2 0
github.com/fernandoocampo/kbkitt/apps/kbcli/internal/kbs/service.go:225.17,227.4 1 0
github.com/fernandoocampo/kbkitt/apps/kbcli/internal/kbs/service.go:230.2,231.16 2 0
github.com/fernandoocampo/kbkitt/apps/kbcli/internal/kbs/service.go:231.16,233.3 1 0
github.com/fernandoocampo/kbkitt/apps/kbcli/internal/kbs/service.go:235.2,241.16 5 0
github.com/fernandoocampo/kbkitt/apps/kbcli/internal/kbs/service.go:241.16,243.3 1 0
github.com/fernandoocampo/kbkitt/apps/kbcli/internal/kbs/service.go:245.2,245.12 1 0
github.com/fernandoocampo/kbkitt/apps/kbcli/internal/kbs/service.go:248.51,249.23 1 1
github.com/fernandoocampo/kbkitt/apps/kbcli/internal/kbs/service.go:249.23,251.3 1 0
github.com/fernandoocampo/kbkitt/apps/kbcli/internal/kbs/service.go:253.2,254.16 2 1
github.com/fernandoocampo/kbkitt/apps/kbcli/internal/kbs/service.go:254.16,256.3 1 0
github.com/fernandoocampo/kbkitt/apps/kbcli/internal/kbs/service.go:258.2,258.17 1 1
github.com/fernandoocampo/kbkitt/apps/kbcli/internal/kbs/service.go:258.17,260.3 1 1
github.com/fernandoocampo/kbkitt/apps/kbcli/internal/kbs/service.go:262.2,262.16 1 0
github.com/fernandoocampo/kbkitt/apps/kbcli/internal/kbs/service.go:262.16,264.3 1 0
github.com/fernandoocampo/kbkitt/apps/kbcli/internal/kbs/service.go:266.2,266.19 1 0
github.com/fernandoocampo/kbkitt/apps/kbcli/internal/kbs/service.go:269.72,270.33 1 1
github.com/fernandoocampo/kbkitt/apps/kbcli/internal/kbs/service.go:270.33,272.3 1 1
github.com/fernandoocampo/kbkitt/apps/kbcli/internal/kbs/service.go:274.2,275.16 2 1
github.com/fernandoocampo/kbkitt/apps/kbcli/internal/kbs/service.go:275.16,277.3 1 0
github.com/fernandoocampo/kbkitt/apps/kbcli/internal/kbs/service.go:279.2,279.16 1 1
github.com/fernandoocampo/kbkitt/apps/kbcli/internal/kbs/service.go:282.74,283.34 1 1
github.com/fernandoocampo/kbkitt/apps/kbcli/internal/kbs/service.go:283.34,285.3 1 1
github.com/fernandoocampo/kbkitt/apps/kbcli/internal/kbs/service.go:287.2,288.16 2 1
github.com/fernandoocampo/kbkitt/apps/kbcli/internal/kbs/service.go:288.16,290.3 1 0
github.com/fernandoocampo/kbkitt/apps/kbcli/internal/kbs/service.go:292.2,292.16 1 1
github.com/fernandoocampo/kbkitt/apps/kbcli/internal/kbs/service.go:295.68,298.16 2 1
github.com/fernandoocampo/kbkitt/apps/kbcli/internal/kbs/service.go:298.16,300.3 1 0
github.com/fernandoocampo/kbkitt/apps/kbcli/internal/kbs/service.go:302.2,302.22 1 1
github.com/fernandoocampo/kbkitt/apps/kbcli/internal/kbs/service.go:302.22,304.3 1 1
github.com/fernandoocampo/kbkitt/apps/kbcli/internal/kbs/service.go:306.2,311.22 2 1
github.com/fernandoocampo/kbkitt/apps/kbcli/internal/kbs/service.go:311.22,313.3 1 1
github.com/fernandoocampo/kbkitt/apps/kbcli/internal/kbs/service.go:313.8,315.3 1 1
github.com/fernandoocampo/kbkitt/apps/kbcli/internal/kbs/service.go:317.2,318.16 2 1
github.com/fernandoocampo/kbkitt/apps/kbcli/internal/kbs/service.go:318.16,320.3 1 0
github.com/fernandoocampo/kbkitt/apps/kbcli/internal/kbs/service.go:322.2,322.23 1 1
github.com/fernandoocampo/kbkitt/apps/kbcli/internal/kbs/service.go:322.23,324.3 1 0
github.com/fernandoocampo/kbkitt/apps/kbcli/internal/kbs/service.go:326.2,328.25 2 1
github.com/fernandoocampo/kbkitt/apps/kbcli/internal/kbs/service.go:331.92,332.31 1 1
github.com/fernandoocampo/kbkitt/apps/kbcli/internal/kbs/service.go:332.31,334.3 1 1
github.com/fernandoocampo/kbkitt/apps/kbcli/internal/kbs/service.go:336.2,337.16 2 1
github.com/fernandoocampo/kbkitt/apps/kbcli/internal/kbs/service.go:337.16,339.3 1 0
github.com/fernandoocampo/kbkitt/apps/kbcli/internal/kbs/service.go:341.2,341.17 1 1
github.com/fernandoocampo/kbkitt/apps/kbcli/internal/kbs/service.go:344.40,345.35 1 1
github.com/fernandoocampo/kbkitt/apps/kbcli/internal/kbs/service.go:345.35,347.17 2 1
github.com/fernandoocampo/kbkitt/apps/kbcli/internal/kbs/service.go:347.17,349.4 1 1
github.com/fernandoocampo/kbkitt/apps/kbcli/internal/kbs/service.go:352.2,352.12 1 1
github.com/fernandoocampo/kbkitt/apps/kbcli/internal/adapters/storages/model.go:69.28,82.2 2 1
github.com/fernandoocampo/kbkitt/apps/kbcli/internal/adapters/storages/model.go:84.96,88.24 3 1
github.com/fernandoocampo/kbkitt/apps/kbcli/internal/adapters/storages/model.go:88.24,90.3 1 1
github.com/fernandoocampo/kbkitt/apps/kbcli/internal/adapters/storages/model.go:92.2,94.49 2 1
github.com/fernandoocampo/kbkitt/apps/kbcli/internal/adapters/storages/model.go:97.100,104.13 4 1
github.com/fernandoocampo/kbkitt/apps/kbcli/internal/adapters/storages/model.go:104.13,106.3 1 1
github.com/fernandoocampo/kbkitt/apps/kbcli/internal/adapters/storages/model.go:108.2,110.10 2 1
github.com/fernandoocampo/kbkitt/apps/kbcli/internal/adapters/storages/model.go:113.29,125.2 1 1
github.com/fernandoocampo/kbkitt/apps/kbcli/internal/adapters/storages/model.go:127.39,135.2 1 1
github.com/fernandoocampo/kbkitt/apps/kbcli/internal/adapters/storages/model.go:137.49,140.30 2 1
github.com/fernandoocampo/kbkitt/apps/kbcli/internal/adapters/storages/model.go:140.30,142.3 1 1
github.com/fernandoocampo/kbkitt/apps/kbcli/internal/adapters/storages/model.go:144.2,144.15 1 1
github.com/fernandoocampo/kbkitt/apps/kbcli/internal/adapters/storages/model.go:147.33,150.26 2 1
github.com/fernandoocampo/kbkitt/apps/kbcli/internal/adapters/storages/model.go:150.26,152.3 1 1
github.com/fernandoocampo/kbkitt/apps/kbcli/internal/adapters/storages/model.go:154.2,154.15 1 1
github.com/fernandoocampo/kbkitt/apps/kbcli/internal/adapters/storages/sqlite.go:92.44,98.2 2 1
github.com/fernandoocampo/kbkitt/apps/kbcli/internal/adapters/storages/sqlite.go:101.61,103.16 2 1
github.com/fernandoocampo/kbkitt/apps/kbcli/internal/adapters/storages/sqlite.go:103.16,105.3 1 0
github.com/fernandoocampo/kbkitt/apps/kbcli/internal/adapters/storages/sqlite.go:107.2,107.16 1 1
github.com/fernandoocampo/kbkitt/apps/kbcli/internal/adapters/storages/sqlite.go:110.44,114.16 3 1
github.com/fernandoocampo/kbkitt/apps/kbcli/internal/adapters/storages/sqlite.go:114.16,116.3 1 0
github.com/fernandoocampo/kbkitt/apps/kbcli/internal/adapters/storages/sqlite.go:118.2,118.21 1 1
github.com/fernandoocampo/kbkitt/apps/kbcli/internal/adapters/storages/sqlite.go:121.58,123.16 2 1
github.com/fernandoocampo/kbkitt/apps/kbcli/internal/adapters/storages/sqlite.go:123.16,125.3 1 0
github.com/fernandoocampo/kbkitt/apps/kbcli/internal/adapters/storages/sqlite.go:127.2,128.16 2 1
github.com/fernandoocampo/kbkitt/apps/kbcli/internal/adapters/storages/sqlite.go:128.16,131.3 2 0
github.com/fernandoocampo/kbkitt/apps/kbcli/internal/adapters/storages/sqlite.go:134.2,135.16 2 1
github.com/fernandoocampo/kbkitt/apps/kbcli/internal/adapters/storages/sqlite.go:135.16,137.3 1 0
github.com/fernandoocampo/kbkitt/apps/kbcli/internal/adapters/storages/sqlite.go:138.2,139.16 2 1
github.com/fernandoocampo/kbkitt/apps/kbcli/internal/adapters/storages/sqlite.go:139.16,141.3 1 0
github.com/fernandoocampo/kbkitt/apps/kbcli/internal/adapters/storages/sqlite.go:143.2,144.16 2 1
github.com/fernandoocampo/kbkitt/apps/kbcli/internal/adapters/storages/sqlite.go:144.16,146.3 1 0
github.com/fernandoocampo/kbkitt/apps/kbcli/internal/adapters/storages/sqlite.go:148.2,148.12 1 1
github.com/fernandoocampo/kbkitt/apps/kbcli/internal/adapters/storages/sqlite.go:151.76,153.16 2 1
github.com/fernandoocampo/kbkitt/apps/kbcli/internal/adapters/storages/sqlite.go:153.16,155.3 1 0
github.com/fernandoocampo/kbkitt/apps/kbcli/internal/adapters/storages/sqlite.go:157.2,166.16 4 1
github.com/fernandoocampo/kbkitt/apps/kbcli/internal/adapters/storages/sqlite.go:166.16,168.3 1 1
github.com/fernandoocampo/kbkitt/apps/kbcli/internal/adapters/storages/sqlite.go:170.2,171.16 2 1
github.com/fernandoocampo/kbkitt/apps/kbcli/internal/adapters/storages/sqlite.go:171.16,173.3 1 0
github.com/fernandoocampo/kbkitt/apps/kbcli/internal/adapters/storages/sqlite.go:175.2,175.44 1 1
github.com/fernandoocampo/kbkitt/apps/kbcli/internal/adapters/storages/sqlite.go:178.99,188.16 4 1
github.com/fernandoocampo/kbkitt/apps/kbcli/internal/adapters/storages/sqlite.go:188.16,196.3 2 1
github.com/fernandoocampo/kbkitt/apps/kbcli/internal/adapters/storages/sqlite.go:198.2,201.16 3 1
github.com/fernandoocampo/kbkitt/apps/kbcli/internal/adapters/storages/sqlite.go:201.16,209.3 2 0
github.com/fernandoocampo/kbkitt/apps/kbcli/internal/adapters/storages/sqlite.go:211.2,213.21 2 1
github.com/fernandoocampo/kbkitt/apps/kbcli/internal/adapters/storages/sqlite.go:216.99,226.26 4 1
github.com/fernandoocampo/kbkitt/apps/kbcli/internal/adapters/storages/sqlite.go:226.26,229.3 2 1
github.com/fernandoocampo/kbkitt/apps/kbcli/internal/adapters/storages/sqlite.go:231.2,234.16 3 1
github.com/fernandoocampo/kbkitt/apps/kbcli/internal/adapters/storages/sqlite.go:234.16,242.3 2 1
github.com/fernandoocampo/kbkitt/apps/kbcli/internal/adapters/storages/sqlite.go:244.2,247.16 3 1
github.com/fernandoocampo/kbkitt/apps/kbcli/internal/adapters/storages/sqlite.go:247.16,255.3 2 0
github.com/fernandoocampo/kbkitt/apps/kbcli/internal/adapters/storages/sqlite.go:257.2,259.21 2 1
github.com/fernandoocampo/kbkitt/apps/kbcli/internal/adapters/storages/sqlite.go:262.75,264.16 2 1
github.com/fernandoocampo/kbkitt/apps/kbcli/internal/adapters/storages/sqlite.go:264.16,266.3 1 0
github.com/fernandoocampo/kbkitt/apps/kbcli/internal/adapters/storages/sqlite.go:268.2,268.16 1 1
github.com/fernandoocampo/kbkitt/apps/kbcli/internal/adapters/storages/sqlite.go:271.77,273.16 2 1
github.com/fernandoocampo/kbkitt/apps/kbcli/internal/adapters/storages/sqlite.go:273.16,275.3 1 0
github.com/fernandoocampo/kbkitt/apps/kbcli/internal/adapters/storages/sqlite.go:277.2,277.16 1 1
github.com/fernandoocampo/kbkitt/apps/kbcli/internal/adapters/storages/sqlite.go:280.92,286.40 4 1
github.com/fernandoocampo/kbkitt/apps/kbcli/internal/adapters/storages/sqlite.go:286.40,288.3 1 1
github.com/fernandoocampo/kbkitt/apps/kbcli/internal/adapters/storages/sqlite.go:290.2,290.16 1 1
github.com/fernandoocampo/kbkitt/apps/kbcli/internal/adapters/storages/sqlite.go:290.16,292.3 1 0
github.com/fernandoocampo/kbkitt/apps/kbcli/internal/adapters/storages/sqlite.go:294.2,294.24 1 1
github.com/fernandoocampo/kbkitt/apps/kbcli/internal/adapters/storages/sqlite.go:297.64,299.16 2 1
github.com/fernandoocampo/kbkitt/apps/kbcli/internal/adapters/storages/sqlite.go:299.16,301.3 1 0
github.com/fernandoocampo/kbkitt/apps/kbcli/internal/adapters/storages/sqlite.go:303.2,312.16 4 1
github.com/fernandoocampo/kbkitt/apps/kbcli/internal/adapters/storages/sqlite.go:312.16,314.3 1 0
github.com/fernandoocampo/kbkitt/apps/kbcli/internal/adapters/storages/sqlite.go:316.2,317.16 2 1
github.com/fernandoocampo/kbkitt/apps/kbcli/internal/adapters/storages/sqlite.go:317.16,321.3 2 0
github.com/fernandoocampo/kbkitt/apps/kbcli/internal/adapters/storages/sqlite.go:323.2,325.12 2 1
github.com/fernandoocampo/kbkitt/apps/kbcli/internal/adapters/storages/sqlite.go:328.93,332.16 3 1
github.com/fernandoocampo/kbkitt/apps/kbcli/internal/adapters/storages/sqlite.go:332.16,339.3 2 1
github.com/fernandoocampo/kbkitt/apps/kbcli/internal/adapters/storages/sqlite.go:341.2,346.16 4 1
github.com/fernandoocampo/kbkitt/apps/kbcli/internal/adapters/storages/sqlite.go:346.16,354.3 2 0
github.com/fernandoocampo/kbkitt/apps/kbcli/internal/adapters/storages/sqlite.go:356.2,356.22 1 1
github.com/fernandoocampo/kbkitt/apps/kbcli/internal/adapters/storages/sqlite.go:356.22,358.3 1 0
github.com/fernandoocampo/kbkitt/apps/kbcli/internal/adapters/storages/sqlite.go:360.2,360.19 1 1
github.com/fernandoocampo/kbkitt/apps/kbcli/internal/adapters/storages/sqlite.go:363.100,365.16 2 1
github.com/fernandoocampo/kbkitt/apps/kbcli/internal/adapters/storages/sqlite.go:365.16,373.3 2 0
github.com/fernandoocampo/kbkitt/apps/kbcli/internal/adapters/storages/sqlite.go:375.2,379.18 3 1
github.com/fernandoocampo/kbkitt/apps/kbcli/internal/adapters/storages/sqlite.go:379.18,383.20 3 1
github.com/fernandoocampo/kbkitt/apps/kbcli/internal/adapters/storages/sqlite.go:383.20,391.4 2 0
github.com/fernandoocampo/kbkitt/apps/kbcli/internal/adapters/storages/sqlite.go:393.3,393.35 1 1
github.com/fernandoocampo/kbkitt/apps/kbcli/internal/adapters/storages/sqlite.go:396.2,396.35 1 1
github.com/fernandoocampo/kbkitt/apps/kbcli/internal/adapters/storages/sqlite.go:396.35,404.3 2 0
github.com/fernandoocampo/kbkitt/apps/kbcli/internal/adapters/storages/sqlite.go:406.2,406.22 1 1
github.com/fernandoocampo/kbkitt/apps/kbcli/internal/adapters/storages/sqlite.go:409.92,411.16 2 1
github.com/fernandoocampo/kbkitt/apps/kbcli/internal/adapters/storages/sqlite.go:411.16,419.3 2 0
github.com/fernandoocampo/kbkitt/apps/kbcli/internal/adapters/storages/sqlite.go:421.2,425.18 3 1
github.com/fernandoocampo/kbkitt/apps/kbcli/internal/adapters/storages/sqlite.go:425.18,428.20 3 1
github.com/fernandoocampo/kbkitt/apps/kbcli/internal/adapters/storages/sqlite.go:428.20,436.4 2 0
github.com/fernandoocampo/kbkitt/apps/kbcli/internal/adapters/storages/sqlite.go:438.3,438.35 1 1
github.com/fernandoocampo/kbkitt/apps/kbcli/internal/adapters/storages/sqlite.go:441.2,441.35 1 1
github.com/fernandoocampo/kbkitt/apps/kbcli/internal/adapters/storages/sqlite.go:441.35,449.3 2 0
github.com/fernandoocampo/kbkitt/apps/kbcli/internal/adapters/storages/sqlite.go:451.2,451.22 1 1
github.com/fernandoocampo/kbkitt/apps/kbcli/internal/adapters/storages/sqlite.go:454.87,456.16 2 1
github.com/fernandoocampo/kbkitt/apps/kbcli/internal/adapters/storages/sqlite.go:456.16,464.3 2 1
github.com/fernandoocampo/kbkitt/apps/kbcli/internal/adapters/storages/sqlite.go:466.2,473.16 5 1
github.com/fernandoocampo/kbkitt/apps/kbcli/internal/adapters/storages/sqlite.go:473.16,481.3 2 0
github.com/fernandoocampo/kbkitt/apps/kbcli/internal/adapters/storages/sqlite.go:483.2,483.22 1 1
github.com/fernandoocampo/kbkitt/apps/kbcli/internal/adapters/storages/sqlite.go:483.22,485.3 1 0
github.com/fernandoocampo/kbkitt/apps/kbcli/internal/adapters/storages/sqlite.go:487.2,487.19 1 1
github.com/fernandoocampo/kbkitt/apps/kbcli/internal/adapters/storages/sqlite.go:490.91,497.27 2 1
github.com/fernandoocampo/kbkitt/apps/kbcli/internal/adapters/storages/sqlite.go:497.27,499.3 1 1
github.com/fernandoocampo/kbkitt/apps/kbcli/internal/adapters/storages/sqlite.go:501.2,501.23 1 1
github.com/fernandoocampo/kbkitt/apps/kbcli/internal/adapters/storages/sqlite.go:501.23,503.3 1 1
github.com/fernandoocampo/kbkitt/apps/kbcli/internal/adapters/storages/sqlite.go:505.2,505.28 1 1
github.com/fernandoocampo/kbkitt/apps/kbcli/internal/adapters/storages/sqlite.go:505.28,507.3 1 1
github.com/fernandoocampo/kbkitt/apps/kbcli/internal/adapters/storages/sqlite.go:509.2,509.29 1 1
github.com/fernandoocampo/kbkitt/apps/kbcli/internal/adapters/storages/sqlite.go:509.29,511.3 1 1
github.com/fernandoocampo/kbkitt/apps/kbcli/internal/adapters/storages/sqlite.go:513.2,514.45 2 1
github.com/fernandoocampo/kbkitt/apps/kbcli/internal/adapters/storages/sqlite.go:514.45,516.3 1 1
github.com/fernandoocampo/kbkitt/apps/kbcli/internal/adapters/storages/sqlite.go:518.2,525.45 6 1
github.com/fernandoocampo/kbkitt/apps/kbcli/internal/adapters/storages/sqlite.go:525.45,527.3 1 1
github.com/fernandoocampo/kbkitt/apps/kbcli/internal/adapters/storages/sqlite.go:529.2,532.25 3 1
github.com/fernandoocampo/kbkitt/apps/kbcli/internal/adapters/storages/sqlite.go:535.26,536.29 1 1
github.com/fernandoocampo/kbkitt/apps/kbcli/internal/adapters/storages/sqlite.go:536.29,538.3 1 1
github.com/fernandoocampo/kbkitt/apps/kbcli/internal/adapters/storages/sqlite.go:540.2,541.16 2 1
github.com/fernandoocampo/kbkitt/apps/kbcli/internal/adapters/storages/sqlite.go:541.16,543.3 1 0
