mode: atomic
github.com/fernandoocampo/kbkitt/apps/kbcli/internal/cmds/adds/add.go:61.58,79.2 10 0
github.com/fernandoocampo/kbkitt/apps/kbcli/internal/cmds/adds/add.go:81.88,82.49 1 0
github.com/fernandoocampo/kbkitt/apps/kbcli/internal/cmds/adds/add.go:82.49,84.17 2 0
github.com/fernandoocampo/kbkitt/apps/kbcli/internal/cmds/adds/add.go:84.17,87.4 2 0
github.com/fernandoocampo/kbkitt/apps/kbcli/internal/cmds/adds/add.go:89.3,89.14 1 0
github.com/fernandoocampo/kbkitt/apps/kbcli/internal/cmds/adds/add.go:89.14,91.4 1 0
github.com/fernandoocampo/kbkitt/apps/kbcli/internal/cmds/adds/add.go:93.3,95.7 2 0
github.com/fernandoocampo/kbkitt/apps/kbcli/internal/cmds/adds/add.go:95.7,97.36 2 0
github.com/fernandoocampo/kbkitt/apps/kbcli/internal/cmds/adds/add.go:97.36,100.5 2 0
github.com/fernandoocampo/kbkitt/apps/kbcli/internal/cmds/adds/add.go:102.4,103.40 2 0
github.com/fernandoocampo/kbkitt/apps/kbcli/internal/cmds/adds/add.go:103.40,105.16 2 0
github.com/fernandoocampo/kbkitt/apps/kbcli/internal/cmds/adds/add.go:105.16,106.14 1 0
github.com/fernandoocampo/kbkitt/apps/kbcli/internal/cmds/adds/add.go:109.5,110.10 2 0
github.com/fernandoocampo/kbkitt/apps/kbcli/internal/cmds/adds/add.go:113.4,113.18 1 0
github.com/fernandoocampo/kbkitt/apps/kbcli/internal/cmds/adds/add.go:113.18,115.24 2 0
github.com/fernandoocampo/kbkitt/apps/kbcli/internal/cmds/adds/add.go:115.24,117.11 2 0
github.com/fernandoocampo/kbkitt/apps/kbcli/internal/cmds/adds/add.go:120.5,121.31 2 0
github.com/fernandoocampo/kbkitt/apps/kbcli/internal/cmds/adds/add.go:121.31,125.6 3 0
github.com/fernandoocampo/kbkitt/apps/kbcli/internal/cmds/adds/add.go:127.5,128.10 2 0
github.com/fernandoocampo/kbkitt/apps/kbcli/internal/cmds/adds/add.go:131.4,133.9 3 0
github.com/fernandoocampo/kbkitt/apps/kbcli/internal/cmds/adds/add.go:135.3,135.18 1 0
github.com/fernandoocampo/kbkitt/apps/kbcli/internal/cmds/adds/add.go:135.18,138.18 3 0
github.com/fernandoocampo/kbkitt/apps/kbcli/internal/cmds/adds/add.go:138.18,142.5 3 0
github.com/fernandoocampo/kbkitt/apps/kbcli/internal/cmds/adds/add.go:143.4,143.39 1 0
github.com/fernandoocampo/kbkitt/apps/kbcli/internal/cmds/adds/add.go:145.3,145.16 1 0
github.com/fernandoocampo/kbkitt/apps/kbcli/internal/cmds/adds/add.go:149.26,150.27 1 0
github.com/fernandoocampo/kbkitt/apps/kbcli/internal/cmds/adds/add.go:150.27,152.17 2 0
github.com/fernandoocampo/kbkitt/apps/kbcli/internal/cmds/adds/add.go:152.17,154.4 1 0
github.com/fernandoocampo/kbkitt/apps/kbcli/internal/cmds/adds/add.go:156.3,158.13 2 0
github.com/fernandoocampo/kbkitt/apps/kbcli/internal/cmds/adds/add.go:161.2,163.12 2 0
github.com/fernandoocampo/kbkitt/apps/kbcli/internal/cmds/adds/add.go:166.59,171.2 4 0
github.com/fernandoocampo/kbkitt/apps/kbcli/internal/cmds/adds/add.go:173.19,174.19 1 0
github.com/fernandoocampo/kbkitt/apps/kbcli/internal/cmds/adds/add.go:174.19,177.3 2 0
github.com/fernandoocampo/kbkitt/apps/kbcli/internal/cmds/adds/add.go:178.2,178.14 1 0
github.com/fernandoocampo/kbkitt/apps/kbcli/internal/cmds/adds/add.go:181.43,186.40 5 0
github.com/fernandoocampo/kbkitt/apps/kbcli/internal/cmds/adds/add.go:186.40,189.3 2 0
github.com/fernandoocampo/kbkitt/apps/kbcli/internal/cmds/adds/add.go:190.2,191.14 2 0
github.com/fernandoocampo/kbkitt/apps/kbcli/internal/cmds/adds/add.go:194.26,195.40 1 0
github.com/fernandoocampo/kbkitt/apps/kbcli/internal/cmds/adds/add.go:195.40,198.3 2 0
github.com/fernandoocampo/kbkitt/apps/kbcli/internal/cmds/adds/add.go:199.2,200.14 2 0
github.com/fernandoocampo/kbkitt/apps/kbcli/internal/cmds/adds/add.go:203.23,204.20 1 0
github.com/fernandoocampo/kbkitt/apps/kbcli/internal/cmds/adds/add.go:204.20,206.3 1 0
github.com/fernandoocampo/kbkitt/apps/kbcli/internal/cmds/adds/add.go:208.2,209.48 2 0
github.com/fernandoocampo/kbkitt/apps/kbcli/internal/cmds/adds/add.go:212.25,213.41 1 0
github.com/fernandoocampo/kbkitt/apps/kbcli/internal/cmds/adds/add.go:213.41,216.3 2 0
github.com/fernandoocampo/kbkitt/apps/kbcli/internal/cmds/adds/add.go:217.2,218.14 2 0
github.com/fernandoocampo/kbkitt/apps/kbcli/internal/cmds/adds/add.go:221.29,222.38 1 0
github.com/fernandoocampo/kbkitt/apps/kbcli/internal/cmds/adds/add.go:222.38,225.3 2 0
github.com/fernandoocampo/kbkitt/apps/kbcli/internal/cmds/adds/add.go:226.2,226.40 1 0
github.com/fernandoocampo/kbkitt/apps/kbcli/internal/cmds/adds/add.go:226.40,228.3 1 0
github.com/fernandoocampo/kbkitt/apps/kbcli/internal/cmds/adds/add.go:229.2,229.40 1 0
github.com/fernandoocampo/kbkitt/apps/kbcli/internal/cmds/adds/add.go:229.40,231.3 1 0
github.com/fernandoocampo/kbkitt/apps/kbcli/internal/cmds/adds/add.go:232.2,232.43 1 0
github.com/fernandoocampo/kbkitt/apps/kbcli/internal/cmds/adds/add.go:232.43,235.3 2 0
github.com/fernandoocampo/kbkitt/apps/kbcli/internal/cmds/adds/add.go:236.2,236.44 1 0
github.com/fernandoocampo/kbkitt/apps/kbcli/internal/cmds/adds/add.go:236.44,239.3 2 0
github.com/fernandoocampo/kbkitt/apps/kbcli/internal/cmds/adds/add.go:240.2,240.44 1 0
github.com/fernandoocampo/kbkitt/apps/kbcli/internal/cmds/adds/add.go:240.44,242.3 1 0
github.com/fernandoocampo/kbkitt/apps/kbcli/internal/cmds/adds/add.go:243.2,243.70 1 0
github.com/fernandoocampo/kbkitt/apps/kbcli/internal/cmds/adds/add.go:243.70,246.3 2 0
github.com/fernandoocampo/kbkitt/apps/kbcli/internal/cmds/adds/add.go:248.2,248.18 1 0
github.com/fernandoocampo/kbkitt/apps/kbcli/internal/cmds/adds/add.go:251.23,252.24 1 0
github.com/fernandoocampo/kbkitt/apps/kbcli/internal/cmds/adds/add.go:252.24,254.3 1 0
github.com/fernandoocampo/kbkitt/apps/kbcli/internal/cmds/adds/add.go:257.30,258.20 1 0
github.com/fernandoocampo/kbkitt/apps/kbcli/internal/cmds/adds/add.go:258.20,260.3 1 0
github.com/fernandoocampo/kbkitt/apps/kbcli/internal/cmds/adds/add.go:262.2,262.44 1 0
github.com/fernandoocampo/kbkitt/apps/kbcli/internal/cmds/adds/add.go:262.44,264.3 1 0
github.com/fernandoocampo/kbkitt/apps/kbcli/internal/cmds/adds/add.go:266.2,266.14 1 0
github.com/fernandoocampo/kbkitt/apps/kbcli/internal/cmds/adds/add.go:269.25,271.2 1 0
github.com/fernandoocampo/kbkitt/apps/kbcli/internal/cmds/adds/add.go:273.37,277.67 2 0
github.com/fernandoocampo/kbkitt/apps/kbcli/internal/cmds/adds/add.go:277.67,279.3 1 0
github.com/fernandoocampo/kbkitt/apps/kbcli/internal/cmds/adds/add.go:281.2,285.79 4 0
github.com/fernandoocampo/kbkitt/apps/kbcli/internal/cmds/adds/add.go:288.27,296.2 7 0
github.com/fernandoocampo/kbkitt/apps/kbcli/internal/cmds/adds/add.go:298.57,300.30 2 0
github.com/fernandoocampo/kbkitt/apps/kbcli/internal/cmds/adds/add.go:300.30,302.3 1 0
github.com/fernandoocampo/kbkitt/apps/kbcli/internal/cmds/adds/add.go:304.2,304.14 1 0
github.com/fernandoocampo/kbkitt/apps/kbcli/internal/cmds/adds/add.go:307.61,308.30 1 0
github.com/fernandoocampo/kbkitt/apps/kbcli/internal/cmds/adds/add.go:308.30,310.3 1 0
github.com/fernandoocampo/kbkitt/apps/kbcli/internal/cmds/adds/add.go:312.2,312.74 1 0
github.com/fernandoocampo/kbkitt/apps/kbcli/internal/cmds/adds/add.go:315.42,330.2 3 0
github.com/fernandoocampo/kbkitt/apps/kbcli/internal/cmds/adds/add.go:332.35,334.2 1 0
github.com/fernandoocampo/kbkitt/apps/kbcli/internal/cmds/adds/gui.go:47.29,51.16 3 0
github.com/fernandoocampo/kbkitt/apps/kbcli/internal/cmds/adds/gui.go:51.16,53.3 1 0
github.com/fernandoocampo/kbkitt/apps/kbcli/internal/cmds/adds/gui.go:55.2,55.12 1 0
github.com/fernandoocampo/kbkitt/apps/kbcli/internal/cmds/adds/gui.go:58.27,126.2 55 0
github.com/fernandoocampo/kbkitt/apps/kbcli/internal/cmds/adds/gui.go:128.31,130.2 1 0
github.com/fernandoocampo/kbkitt/apps/kbcli/internal/cmds/adds/gui.go:132.57,135.27 2 0
github.com/fernandoocampo/kbkitt/apps/kbcli/internal/cmds/adds/gui.go:136.18,137.19 1 0
github.com/fernandoocampo/kbkitt/apps/kbcli/internal/cmds/adds/gui.go:138.33,140.22 2 0
github.com/fernandoocampo/kbkitt/apps/kbcli/internal/cmds/adds/gui.go:141.38,142.17 1 0
github.com/fernandoocampo/kbkitt/apps/kbcli/internal/cmds/adds/gui.go:143.33,144.36 1 0
github.com/fernandoocampo/kbkitt/apps/kbcli/internal/cmds/adds/gui.go:144.36,147.5 2 0
github.com/fernandoocampo/kbkitt/apps/kbcli/internal/cmds/adds/gui.go:148.4,148.17 1 0
github.com/fernandoocampo/kbkitt/apps/kbcli/internal/cmds/adds/gui.go:150.3,150.27 1 0
github.com/fernandoocampo/kbkitt/apps/kbcli/internal/cmds/adds/gui.go:150.27,152.4 1 0
github.com/fernandoocampo/kbkitt/apps/kbcli/internal/cmds/adds/gui.go:153.3,153.30 1 0
github.com/fernandoocampo/kbkitt/apps/kbcli/internal/cmds/adds/gui.go:156.14,158.16 2 0
github.com/fernandoocampo/kbkitt/apps/kbcli/internal/cmds/adds/gui.go:161.2,161.26 1 0
github.com/fernandoocampo/kbkitt/apps/kbcli/internal/cmds/adds/gui.go:161.26,162.35 1 0
github.com/fernandoocampo/kbkitt/apps/kbcli/internal/cmds/adds/gui.go:162.35,165.12 3 0
github.com/fernandoocampo/kbkitt/apps/kbcli/internal/cmds/adds/gui.go:167.3,168.64 2 0
github.com/fernandoocampo/kbkitt/apps/kbcli/internal/cmds/adds/gui.go:170.2,170.30 1 0
github.com/fernandoocampo/kbkitt/apps/kbcli/internal/cmds/adds/gui.go:173.30,174.53 1 0
github.com/fernandoocampo/kbkitt/apps/kbcli/internal/cmds/adds/gui.go:174.53,176.3 1 0
github.com/fernandoocampo/kbkitt/apps/kbcli/internal/cmds/adds/gui.go:178.2,178.23 1 0
github.com/fernandoocampo/kbkitt/apps/kbcli/internal/cmds/adds/gui.go:181.44,199.2 1 0
github.com/fernandoocampo/kbkitt/apps/kbcli/internal/cmds/adds/gui.go:201.36,237.2 1 0
github.com/fernandoocampo/kbkitt/apps/kbcli/internal/cmds/adds/gui.go:240.29,242.2 1 0
github.com/fernandoocampo/kbkitt/apps/kbcli/internal/cmds/adds/gui.go:245.29,248.19 2 0
github.com/fernandoocampo/kbkitt/apps/kbcli/internal/cmds/adds/gui.go:248.19,250.3 1 0
github.com/fernandoocampo/kbkitt/apps/kbcli/internal/cmds/adds/gui.go:253.33,261.2 7 0
github.com/fernandoocampo/kbkitt/apps/kbcli/internal/cmds/adds/gui.go:263.47,264.47 1 0
github.com/fernandoocampo/kbkitt/apps/kbcli/internal/cmds/adds/gui.go:264.47,266.3 1 0
github.com/fernandoocampo/kbkitt/apps/kbcli/internal/cmds/adds/gui.go:268.2,272.57 4 0
github.com/fernandoocampo/kbkitt/apps/kbcli/internal/adapters/webs/http.go:9.54,11.16 2 0
github.com/fernandoocampo/kbkitt/apps/kbcli/internal/adapters/webs/http.go:11.16,13.3 1 0
github.com/fernandoocampo/kbkitt/apps/kbcli/internal/adapters/webs/http.go:15.2,18.16 3 0
github.com/fernandoocampo/kbkitt/apps/kbcli/internal/adapters/webs/http.go:18.16,20.3 1 0
github.com/fernandoocampo/kbkitt/apps/kbcli/internal/adapters/webs/http.go:22.2,22.86 1 0
github.com/fernandoocampo/kbkitt/apps/kbcli/internal/adapters/webs/http.go:22.86,24.3 1 0
github.com/fernandoocampo/kbkitt/apps/kbcli/internal/adapters/webs/http.go:26.2,26.23 1 0
github.com/fernandoocampo/kbkitt/apps/kbcli/internal/adapters/webs/http.go:29.60,31.16 2 0
github.com/fernandoocampo/kbkitt/apps/kbcli/internal/adapters/webs/http.go:31.16,33.3 1 0
github.com/fernandoocampo/kbkitt/apps/kbcli/internal/adapters/webs/http.go:35.2,37.86 2 0
github.com/fernandoocampo/kbkitt/apps/kbcli/internal/adapters/webs/http.go:37.86,39.3 1 0
github.com/fernandoocampo/kbkitt/apps/kbcli/internal/adapters/webs/http.go:41.2,42.9 2 0
github.com/fernandoocampo/kbkitt/apps/kbcli/internal/adapters/webs/http.go:42.9,44.3 1 0
github.com/fernandoocampo/kbkitt/apps/kbcli/internal/adapters/webs/http.go:46.2,46.19 1 0
github.com/fernandoocampo/kbkitt/apps/kbcli/internal/cmds/model.go:55.58,57.16 2 0
github.com/fernandoocampo/kbkitt/apps/kbcli/internal/cmds/model.go:57.16,59.3 1 0
github.com/fernandoocampo/kbkitt/apps/kbcli/internal/cmds/model.go:61.2,61.26 1 0
github.com/fernandoocampo/kbkitt/apps/kbcli/internal/cmds/model.go:61.26,64.3 2 0
github.com/fernandoocampo/kbkitt/apps/kbcli/internal/cmds/model.go:66.2,66.29 1 0
github.com/fernandoocampo/kbkitt/apps/kbcli/internal/cmds/model.go:66.29,68.3 1 0
github.com/fernandoocampo/kbkitt/apps/kbcli/internal/cmds/model.go:70.2,70.27 1 0
github.com/fernandoocampo/kbkitt/apps/kbcli/internal/cmds/model.go:73.82,75.16 2 0
github.com/fernandoocampo/kbkitt/apps/kbcli/internal/cmds/model.go:75.16,77.3 1 0
github.com/fernandoocampo/kbkitt/apps/kbcli/internal/cmds/model.go:79.2,83.40 2 0
github.com/fernandoocampo/kbkitt/apps/kbcli/internal/cmds/model.go:86.30,88.2 1 0
github.com/fernandoocampo/kbkitt/apps/kbcli/internal/cmds/model.go:90.29,92.2 1 0
github.com/fernandoocampo/kbkitt/apps/kbcli/internal/cmds/model.go:94.46,99.20 4 0
github.com/fernandoocampo/kbkitt/apps/kbcli/internal/cmds/model.go:99.20,101.3 1 0
github.com/fernandoocampo/kbkitt/apps/kbcli/internal/cmds/model.go:103.2,103.15 1 0
github.com/fernandoocampo/kbkitt/apps/kbcli/internal/cmds/model.go:106.36,112.2 4 0
github.com/fernandoocampo/kbkitt/apps/kbcli/internal/cmds/model.go:114.32,137.2 1 0
github.com/fernandoocampo/kbkitt/apps/kbcli/internal/cmds/model.go:139.33,140.23 1 0
github.com/fernandoocampo/kbkitt/apps/kbcli/internal/cmds/model.go:140.23,143.3 2 0
github.com/fernandoocampo/kbkitt/apps/kbcli/internal/cmds/model.go:145.2,145.20 1 0
github.com/fernandoocampo/kbkitt/apps/kbcli/internal/cmds/model.go:148.42,149.23 1 0
github.com/fernandoocampo/kbkitt/apps/kbcli/internal/cmds/model.go:149.23,151.3 1 0
github.com/fernandoocampo/kbkitt/apps/kbcli/internal/cmds/model.go:153.2,153.28 1 0
github.com/fernandoocampo/kbkitt/apps/kbcli/internal/cmds/model.go:156.40,157.23 1 0
github.com/fernandoocampo/kbkitt/apps/kbcli/internal/cmds/model.go:157.23,159.3 1 0
github.com/fernandoocampo/kbkitt/apps/kbcli/internal/cmds/model.go:161.2,161.27 1 0
github.com/fernandoocampo/kbkitt/apps/kbcli/internal/cmds/model.go:164.41,165.23 1 0
github.com/fernandoocampo/kbkitt/apps/kbcli/internal/cmds/model.go:165.23,167.3 1 0
github.com/fernandoocampo/kbkitt/apps/kbcli/internal/cmds/model.go:169.2,169.28 1 0
github.com/fernandoocampo/kbkitt/apps/kbcli/internal/adapters/kbkitt/kb.go:49.40,56.2 2 0
github.com/fernandoocampo/kbkitt/apps/kbcli/internal/adapters/kbkitt/kb.go:58.49,64.2 2 0
github.com/fernandoocampo/kbkitt/apps/kbcli/internal/adapters/kbkitt/kb.go:66.79,68.16 2 0
github.com/fernandoocampo/kbkitt/apps/kbcli/internal/adapters/kbkitt/kb.go:68.16,70.3 1 0
github.com/fernandoocampo/kbkitt/apps/kbcli/internal/adapters/kbkitt/kb.go:72.2,73.16 2 0
github.com/fernandoocampo/kbkitt/apps/kbcli/internal/adapters/kbkitt/kb.go:73.16,75.3 1 0
github.com/fernandoocampo/kbkitt/apps/kbcli/internal/adapters/kbkitt/kb.go:77.2,80.16 3 0
github.com/fernandoocampo/kbkitt/apps/kbcli/internal/adapters/kbkitt/kb.go:80.16,82.3 1 0
github.com/fernandoocampo/kbkitt/apps/kbcli/internal/adapters/kbkitt/kb.go:84.2,87.16 3 0
github.com/fernandoocampo/kbkitt/apps/kbcli/internal/adapters/kbkitt/kb.go:87.16,89.3 1 0
github.com/fernandoocampo/kbkitt/apps/kbcli/internal/adapters/kbkitt/kb.go:91.2,91.36 1 0
github.com/fernandoocampo/kbkitt/apps/kbcli/internal/adapters/kbkitt/kb.go:91.36,93.3 1 0
github.com/fernandoocampo/kbkitt/apps/kbcli/internal/adapters/kbkitt/kb.go:95.2,95.36 1 0
github.com/fernandoocampo/kbkitt/apps/kbcli/internal/adapters/kbkitt/kb.go:95.36,97.3 1 0
github.com/fernandoocampo/kbkitt/apps/kbcli/internal/adapters/kbkitt/kb.go:99.2,101.16 3 0
github.com/fernandoocampo/kbkitt/apps/kbcli/internal/adapters/kbkitt/kb.go:101.16,103.3 1 0
github.com/fernandoocampo/kbkitt/apps/kbcli/internal/adapters/kbkitt/kb.go:105.2,105.30 1 0
github.com/fernandoocampo/kbkitt/apps/kbcli/internal/adapters/kbkitt/kb.go:108.99,110.16 2 0
github.com/fernandoocampo/kbkitt/apps/kbcli/internal/adapters/kbkitt/kb.go:110.16,112.3 1 0
github.com/fernandoocampo/kbkitt/apps/kbcli/internal/adapters/kbkitt/kb.go:114.2,123.16 8 0
github.com/fernandoocampo/kbkitt/apps/kbcli/internal/adapters/kbkitt/kb.go:123.16,125.3 1 0
github.com/fernandoocampo/kbkitt/apps/kbcli/internal/adapters/kbkitt/kb.go:127.2,130.16 3 0
github.com/fernandoocampo/kbkitt/apps/kbcli/internal/adapters/kbkitt/kb.go:130.16,132.3 1 0
github.com/fernandoocampo/kbkitt/apps/kbcli/internal/adapters/kbkitt/kb.go:134.2,134.35 1 0
github.com/fernandoocampo/kbkitt/apps/kbcli/internal/adapters/kbkitt/kb.go:134.35,136.3 1 0
github.com/fernandoocampo/kbkitt/apps/kbcli/internal/adapters/kbkitt/kb.go:138.2,140.16 3 0
github.com/fernandoocampo/kbkitt/apps/kbcli/internal/adapters/kbkitt/kb.go:140.16,142.3 1 0
github.com/fernandoocampo/kbkitt/apps/kbcli/internal/adapters/kbkitt/kb.go:144.2,144.25 1 0
github.com/fernandoocampo/kbkitt/apps/kbcli/internal/adapters/kbkitt/kb.go:147.71,149.16 2 0
github.com/fernandoocampo/kbkitt/apps/kbcli/internal/adapters/kbkitt/kb.go:149.16,151.3 1 0
github.com/fernandoocampo/kbkitt/apps/kbcli/internal/adapters/kbkitt/kb.go:153.2,156.16 3 0
github.com/fernandoocampo/kbkitt/apps/kbcli/internal/adapters/kbkitt/kb.go:156.16,158.3 1 0
github.com/fernandoocampo/kbkitt/apps/kbcli/internal/adapters/kbkitt/kb.go:160.2,160.35 1 0
github.com/fernandoocampo/kbkitt/apps/kbcli/internal/adapters/kbkitt/kb.go:160.35,162.3 1 0
github.com/fernandoocampo/kbkitt/apps/kbcli/internal/adapters/kbkitt/kb.go:164.2,166.16 3 0
github.com/fernandoocampo/kbkitt/apps/kbcli/internal/adapters/kbkitt/kb.go:166.16,168.3 1 0
github.com/fernandoocampo/kbkitt/apps/kbcli/internal/adapters/kbkitt/kb.go:170.2,170.25 1 0
github.com/fernandoocampo/kbkitt/apps/kbcli/internal/adapters/kbkitt/kb.go:173.64,175.16 2 0
github.com/fernandoocampo/kbkitt/apps/kbcli/internal/adapters/kbkitt/kb.go:175.16,177.3 1 0
github.com/fernandoocampo/kbkitt/apps/kbcli/internal/adapters/kbkitt/kb.go:179.2,180.16 2 0
github.com/fernandoocampo/kbkitt/apps/kbcli/internal/adapters/kbkitt/kb.go:180.16,182.3 1 0
github.com/fernandoocampo/kbkitt/apps/kbcli/internal/adapters/kbkitt/kb.go:184.2,187.16 3 0
github.com/fernandoocampo/kbkitt/apps/kbcli/internal/adapters/kbkitt/kb.go:187.16,189.3 1 0
github.com/fernandoocampo/kbkitt/apps/kbcli/internal/adapters/kbkitt/kb.go:191.2,194.16 3 0
github.com/fernandoocampo/kbkitt/apps/kbcli/internal/adapters/kbkitt/kb.go:194.16,196.3 1 0
github.com/fernandoocampo/kbkitt/apps/kbcli/internal/adapters/kbkitt/kb.go:198.2,198.36 1 0
github.com/fernandoocampo/kbkitt/apps/kbcli/internal/adapters/kbkitt/kb.go:198.36,200.3 1 0
github.com/fernandoocampo/kbkitt/apps/kbcli/internal/adapters/kbkitt/kb.go:202.2,202.36 1 0
github.com/fernandoocampo/kbkitt/apps/kbcli/internal/adapters/kbkitt/kb.go:202.36,204.3 1 0
github.com/fernandoocampo/kbkitt/apps/kbcli/internal/adapters/kbkitt/kb.go:206.2,206.12 1 0
github.com/fernandoocampo/kbkitt/apps/kbcli/internal/adapters/kbkitt/kb.go:209.36,211.2 1 0
github.com/fernandoocampo/kbkitt/apps/kbcli/internal/adapters/kbkitt/kb.go:213.52,215.2 1 0
github.com/fernandoocampo/kbkitt/apps/kbcli/internal/adapters/kbkitt/kb.go:217.44,218.27 1 0
github.com/fernandoocampo/kbkitt/apps/kbcli/internal/adapters/kbkitt/kb.go:218.27,220.3 1 0
github.com/fernandoocampo/kbkitt/apps/kbcli/internal/adapters/kbkitt/kb.go:222.2,222.25 1 0
github.com/fernandoocampo/kbkitt/apps/kbcli/internal/adapters/kbkitt/kb.go:225.41,227.2 1 0
github.com/fernandoocampo/kbkitt/apps/kbcli/internal/adapters/kbkitt/kb.go:229.41,231.2 1 0
github.com/fernandoocampo/kbkitt/apps/kbcli/internal/adapters/kbkitt/kb.go:233.40,235.2 1 0
github.com/fernandoocampo/kbkitt/apps/kbcli/cmd/kbcli/main.go:10.13,12.16 2 0
github.com/fernandoocampo/kbkitt/apps/kbcli/cmd/kbcli/main.go:12.16,15.3 2 0
github.com/fernandoocampo/kbkitt/apps/kbcli/internal/adapters/filesystems/filesystem.go:16.42,19.16 2 0
github.com/fernandoocampo/kbkitt/apps/kbcli/internal/adapters/filesystems/filesystem.go:19.16,21.3 1 0
github.com/fernandoocampo/kbkitt/apps/kbcli/internal/adapters/filesystems/filesystem.go:23.2,23.12 1 0
github.com/fernandoocampo/kbkitt/apps/kbcli/internal/adapters/filesystems/filesystem.go:26.48,28.38 2 0
github.com/fernandoocampo/kbkitt/apps/kbcli/internal/adapters/filesystems/filesystem.go:28.38,30.3 1 0
github.com/fernandoocampo/kbkitt/apps/kbcli/internal/adapters/filesystems/filesystem.go:32.2,32.16 1 0
github.com/fernandoocampo/kbkitt/apps/kbcli/internal/adapters/filesystems/filesystem.go:32.16,34.3 1 0
github.com/fernandoocampo/kbkitt/apps/kbcli/internal/adapters/filesystems/filesystem.go:36.2,36.18 1 0
github.com/fernandoocampo/kbkitt/apps/kbcli/internal/adapters/filesystems/filesystem.go:39.53,42.38 3 0
github.com/fernandoocampo/kbkitt/apps/kbcli/internal/adapters/filesystems/filesystem.go:42.38,44.3 1 0
github.com/fernandoocampo/kbkitt/apps/kbcli/internal/adapters/filesystems/filesystem.go:46.2,46.16 1 0
github.com/fernandoocampo/kbkitt/apps/kbcli/internal/adapters/filesystems/filesystem.go:46.16,48.3 1 0
github.com/fernandoocampo/kbkitt/apps/kbcli/internal/adapters/filesystems/filesystem.go:50.2,50.18 1 0
github.com/fernandoocampo/kbkitt/apps/kbcli/internal/adapters/filesystems/filesystem.go:50.18,52.3 1 0
github.com/fernandoocampo/kbkitt/apps/kbcli/internal/adapters/filesystems/filesystem.go:54.2,56.21 2 0
github.com/fernandoocampo/kbkitt/apps/kbcli/internal/adapters/filesystems/filesystem.go:59.48,61.16 2 0
github.com/fernandoocampo/kbkitt/apps/kbcli/internal/adapters/filesystems/filesystem.go:61.16,63.3 1 0
github.com/fernandoocampo/kbkitt/apps/kbcli/internal/adapters/filesystems/filesystem.go:65.2,65.19 1 0
github.com/fernandoocampo/kbkitt/apps/kbcli/internal/adapters/filesystems/filesystem.go:65.19,67.3 1 0
github.com/fernandoocampo/kbkitt/apps/kbcli/internal/adapters/filesystems/filesystem.go:69.2,69.45 1 0
github.com/fernandoocampo/kbkitt/apps/kbcli/internal/adapters/filesystems/filesystem.go:72.47,74.38 2 0
github.com/fernandoocampo/kbkitt/apps/kbcli/internal/adapters/filesystems/filesystem.go:74.38,76.3 1 0
github.com/fernandoocampo/kbkitt/apps/kbcli/internal/adapters/filesystems/filesystem.go:77.2,77.16 1 0
github.com/fernandoocampo/kbkitt/apps/kbcli/internal/adapters/filesystems/filesystem.go:77.16,79.3 1 0
github.com/fernandoocampo/kbkitt/apps/kbcli/internal/adapters/filesystems/filesystem.go:81.2,81.22 1 0
github.com/fernandoocampo/kbkitt/apps/kbcli/internal/adapters/filesystems/filesystem.go:81.22,83.3 1 0
github.com/fernandoocampo/kbkitt/apps/kbcli/internal/adapters/filesystems/filesystem.go:85.2,85.19 1 0
github.com/fernandoocampo/kbkitt/apps/kbcli/internal/adapters/filesystems/filesystem.go:88.51,91.24 2 0
github.com/fernandoocampo/kbkitt/apps/kbcli/internal/adapters/filesystems/filesystem.go:91.24,93.3 1 0
github.com/fernandoocampo/kbkitt/apps/kbcli/internal/adapters/filesystems/filesystem.go:95.2,95.16 1 0
github.com/fernandoocampo/kbkitt/apps/kbcli/internal/adapters/filesystems/filesystem.go:95.16,97.3 1 0
github.com/fernandoocampo/kbkitt/apps/kbcli/internal/adapters/filesystems/filesystem.go:99.2,99.23 1 0
github.com/fernandoocampo/kbkitt/apps/kbcli/internal/adapters/filesystems/filesystem.go:99.23,101.3 1 0
github.com/fernandoocampo/kbkitt/apps/kbcli/internal/adapters/filesystems/filesystem.go:103.2,103.18 1 0
github.com/fernandoocampo/kbkitt/apps/kbcli/internal/adapters/filesystems/filesystem.go:106.54,108.16 2 0
github.com/fernandoocampo/kbkitt/apps/kbcli/internal/adapters/filesystems/filesystem.go:108.16,110.3 1 0
github.com/fernandoocampo/kbkitt/apps/kbcli/internal/adapters/filesystems/filesystem.go:112.2,115.16 3 0
github.com/fernandoocampo/kbkitt/apps/kbcli/internal/adapters/filesystems/filesystem.go:115.16,117.3 1 0
github.com/fernandoocampo/kbkitt/apps/kbcli/internal/adapters/filesystems/filesystem.go:119.2,119.12 1 0
github.com/fernandoocampo/kbkitt/apps/kbcli/internal/adapters/filesystems/filesystem.go:122.62,124.38 2 0
github.com/fernandoocampo/kbkitt/apps/kbcli/internal/adapters/filesystems/filesystem.go:124.38,126.17 2 0
github.com/fernandoocampo/kbkitt/apps/kbcli/internal/adapters/filesystems/filesystem.go:126.17,128.4 1 0
github.com/fernandoocampo/kbkitt/apps/kbcli/internal/adapters/filesystems/filesystem.go:131.2,131.16 1 0
github.com/fernandoocampo/kbkitt/apps/kbcli/internal/adapters/filesystems/filesystem.go:131.16,133.3 1 0
github.com/fernandoocampo/kbkitt/apps/kbcli/internal/adapters/filesystems/filesystem.go:135.2,138.16 3 0
github.com/fernandoocampo/kbkitt/apps/kbcli/internal/adapters/filesystems/filesystem.go:138.16,140.3 1 0
github.com/fernandoocampo/kbkitt/apps/kbcli/internal/adapters/filesystems/filesystem.go:142.2,142.12 1 0
github.com/fernandoocampo/kbkitt/apps/kbcli/internal/adapters/filesystems/filesystem.go:145.42,147.38 2 0
github.com/fernandoocampo/kbkitt/apps/kbcli/internal/adapters/filesystems/filesystem.go:147.38,149.3 1 0
github.com/fernandoocampo/kbkitt/apps/kbcli/internal/adapters/filesystems/filesystem.go:151.2,151.16 1 0
github.com/fernandoocampo/kbkitt/apps/kbcli/internal/adapters/filesystems/filesystem.go:151.16,153.3 1 0
github.com/fernandoocampo/kbkitt/apps/kbcli/internal/adapters/filesystems/filesystem.go:155.2,155.12 1 0
github.com/fernandoocampo/kbkitt/apps/kbcli/internal/cmds/apps/root.go:39.36,43.2 2 0
github.com/fernandoocampo/kbkitt/apps/kbcli/internal/cmds/apps/root.go:45.39,50.48 1 0
github.com/fernandoocampo/kbkitt/apps/kbcli/internal/cmds/apps/root.go:50.48,51.37 1 0
github.com/fernandoocampo/kbkitt/apps/kbcli/internal/cmds/apps/root.go:51.37,53.5 1 0
github.com/fernandoocampo/kbkitt/apps/kbcli/internal/cmds/apps/root.go:57.2,57.16 1 0
github.com/fernandoocampo/kbkitt/apps/kbcli/internal/cmds/apps/root.go:60.39,66.60 5 0
github.com/fernandoocampo/kbkitt/apps/kbcli/internal/cmds/apps/root.go:66.60,68.3 1 0
github.com/fernandoocampo/kbkitt/apps/kbcli/internal/cmds/apps/root.go:70.2,71.16 2 0
github.com/fernandoocampo/kbkitt/apps/kbcli/internal/cmds/apps/root.go:71.16,73.3 1 0
github.com/fernandoocampo/kbkitt/apps/kbcli/internal/cmds/apps/root.go:75.2,80.16 4 0
github.com/fernandoocampo/kbkitt/apps/kbcli/internal/cmds/apps/root.go:80.16,82.3 1 0
github.com/fernandoocampo/kbkitt/apps/kbcli/internal/cmds/apps/root.go:84.2,86.48 2 0
github.com/fernandoocampo/kbkitt/apps/kbcli/internal/cmds/apps/root.go:86.48,89.3 2 0
github.com/fernandoocampo/kbkitt/apps/kbcli/internal/cmds/apps/root.go:91.2,91.12 1 0
github.com/fernandoocampo/kbkitt/apps/kbcli/internal/cmds/apps/root.go:94.55,96.60 2 0
github.com/fernandoocampo/kbkitt/apps/kbcli/internal/cmds/apps/root.go:96.60,98.3 1 0
github.com/fernandoocampo/kbkitt/apps/kbcli/internal/cmds/apps/root.go:100.2,100.59 1 0
github.com/fernandoocampo/kbkitt/apps/kbcli/internal/cmds/apps/root.go:100.59,103.3 2 0
github.com/fernandoocampo/kbkitt/apps/kbcli/internal/cmds/apps/root.go:105.2,109.12 3 0
github.com/fernandoocampo/kbkitt/apps/kbcli/internal/cmds/apps/root.go:112.49,113.18 1 0
github.com/fernandoocampo/kbkitt/apps/kbcli/internal/cmds/apps/root.go:113.18,115.3 1 0
github.com/fernandoocampo/kbkitt/apps/kbcli/internal/cmds/apps/root.go:117.2,118.16 2 0
github.com/fernandoocampo/kbkitt/apps/kbcli/internal/cmds/apps/root.go:118.16,120.3 1 0
github.com/fernandoocampo/kbkitt/apps/kbcli/internal/cmds/apps/root.go:122.2,124.12 2 0
github.com/fernandoocampo/kbkitt/apps/kbcli/internal/cmds/apps/root.go:127.48,128.18 1 0
github.com/fernandoocampo/kbkitt/apps/kbcli/internal/cmds/apps/root.go:128.18,130.3 1 0
github.com/fernandoocampo/kbkitt/apps/kbcli/internal/cmds/apps/root.go:132.2,136.47 2 0
github.com/fernandoocampo/kbkitt/apps/kbcli/internal/cmds/apps/root.go:139.49,140.18 1 0
github.com/fernandoocampo/kbkitt/apps/kbcli/internal/cmds/apps/root.go:140.18,142.3 1 0
github.com/fernandoocampo/kbkitt/apps/kbcli/internal/cmds/apps/root.go:144.2,153.12 3 0
github.com/fernandoocampo/kbkitt/apps/kbcli/internal/cmds/apps/root.go:156.47,157.18 1 0
github.com/fernandoocampo/kbkitt/apps/kbcli/internal/cmds/apps/root.go:157.18,159.3 1 0
github.com/fernandoocampo/kbkitt/apps/kbcli/internal/cmds/apps/root.go:161.2,166.64 6 0
github.com/fernandoocampo/kbkitt/apps/kbcli/internal/cmds/apps/root.go:169.38,171.2 1 0
github.com/fernandoocampo/kbkitt/apps/kbcli/internal/cmds/imports/import.go:36.61,49.2 5 0
github.com/fernandoocampo/kbkitt/apps/kbcli/internal/cmds/imports/import.go:51.91,52.49 1 0
github.com/fernandoocampo/kbkitt/apps/kbcli/internal/cmds/imports/import.go:52.49,56.17 3 0
github.com/fernandoocampo/kbkitt/apps/kbcli/internal/cmds/imports/import.go:56.17,59.4 2 0
github.com/fernandoocampo/kbkitt/apps/kbcli/internal/cmds/imports/import.go:61.3,61.30 1 0
github.com/fernandoocampo/kbkitt/apps/kbcli/internal/cmds/imports/import.go:65.66,67.16 2 0
github.com/fernandoocampo/kbkitt/apps/kbcli/internal/cmds/imports/import.go:67.16,69.3 1 0
github.com/fernandoocampo/kbkitt/apps/kbcli/internal/cmds/imports/import.go:71.2,73.16 3 0
github.com/fernandoocampo/kbkitt/apps/kbcli/internal/cmds/imports/import.go:73.16,75.3 1 0
github.com/fernandoocampo/kbkitt/apps/kbcli/internal/cmds/imports/import.go:77.2,77.20 1 0
github.com/fernandoocampo/kbkitt/apps/kbcli/internal/cmds/imports/import.go:80.44,82.16 2 0
github.com/fernandoocampo/kbkitt/apps/kbcli/internal/cmds/imports/import.go:82.16,84.3 1 0
github.com/fernandoocampo/kbkitt/apps/kbcli/internal/cmds/imports/import.go:86.2,90.33 4 0
github.com/fernandoocampo/kbkitt/apps/kbcli/internal/cmds/imports/import.go:90.33,93.3 2 0
github.com/fernandoocampo/kbkitt/apps/kbcli/internal/cmds/imports/import.go:95.2,95.21 1 0
github.com/fernandoocampo/kbkitt/apps/kbcli/internal/cmds/imports/import.go:98.32,99.42 1 0
github.com/fernandoocampo/kbkitt/apps/kbcli/internal/cmds/imports/import.go:99.42,101.3 1 0
github.com/fernandoocampo/kbkitt/apps/kbcli/internal/cmds/imports/import.go:104.39,106.24 2 0
github.com/fernandoocampo/kbkitt/apps/kbcli/internal/cmds/imports/import.go:106.24,108.3 1 0
github.com/fernandoocampo/kbkitt/apps/kbcli/internal/cmds/imports/import.go:109.2,109.22 1 0
github.com/fernandoocampo/kbkitt/apps/kbcli/internal/cmds/imports/import.go:112.49,113.16 1 0
github.com/fernandoocampo/kbkitt/apps/kbcli/internal/cmds/imports/import.go:113.16,115.3 1 0
github.com/fernandoocampo/kbkitt/apps/kbcli/internal/cmds/imports/import.go:117.2,117.30 1 0
github.com/fernandoocampo/kbkitt/apps/kbcli/internal/cmds/imports/import.go:117.30,119.3 1 0
github.com/fernandoocampo/kbkitt/apps/kbcli/internal/cmds/imports/import.go:121.2,121.54 1 0
github.com/fernandoocampo/kbkitt/apps/kbcli/internal/cmds/imports/import.go:121.54,123.3 1 0
github.com/fernandoocampo/kbkitt/apps/kbcli/internal/cmds/imports/import.go:125.2,125.59 1 0
github.com/fernandoocampo/kbkitt/apps/kbcli/internal/cmds/imports/import.go:125.59,127.3 1 0
github.com/fernandoocampo/kbkitt/apps/kbcli/internal/cmds/imports/import.go:130.48,132.34 2 0
github.com/fernandoocampo/kbkitt/apps/kbcli/internal/cmds/imports/import.go:132.34,133.24 1 0
github.com/fernandoocampo/kbkitt/apps/kbcli/internal/cmds/imports/import.go:133.24,135.4 1 0
github.com/fernandoocampo/kbkitt/apps/kbcli/internal/cmds/imports/import.go:138.2,145.48 8 0
github.com/fernandoocampo/kbkitt/apps/kbcli/internal/cmds/imports/import.go:145.48,147.3 1 0
github.com/fernandoocampo/kbkitt/apps/kbcli/internal/cmds/imports/import.go:150.46,158.34 8 0
github.com/fernandoocampo/kbkitt/apps/kbcli/internal/cmds/imports/import.go:158.34,160.3 1 0
github.com/fernandoocampo/kbkitt/apps/kbcli/internal/cmds/imports/import.go:163.42,165.2 1 0
github.com/fernandoocampo/kbkitt/apps/kbcli/internal/cmds/gets/get.go:26.58,44.2 10 0
github.com/fernandoocampo/kbkitt/apps/kbcli/internal/cmds/gets/get.go:46.85,47.49 1 0
github.com/fernandoocampo/kbkitt/apps/kbcli/internal/cmds/gets/get.go:47.49,51.17 3 0
github.com/fernandoocampo/kbkitt/apps/kbcli/internal/cmds/gets/get.go:51.17,55.4 3 0
github.com/fernandoocampo/kbkitt/apps/kbcli/internal/cmds/gets/get.go:56.3,56.16 1 0
github.com/fernandoocampo/kbkitt/apps/kbcli/internal/cmds/gets/get.go:60.62,61.27 1 0
github.com/fernandoocampo/kbkitt/apps/kbcli/internal/cmds/gets/get.go:61.27,63.17 2 0
github.com/fernandoocampo/kbkitt/apps/kbcli/internal/cmds/gets/get.go:63.17,65.4 1 0
github.com/fernandoocampo/kbkitt/apps/kbcli/internal/cmds/gets/get.go:67.3,67.13 1 0
github.com/fernandoocampo/kbkitt/apps/kbcli/internal/cmds/gets/get.go:70.2,71.16 2 0
github.com/fernandoocampo/kbkitt/apps/kbcli/internal/cmds/gets/get.go:71.16,73.3 1 0
github.com/fernandoocampo/kbkitt/apps/kbcli/internal/cmds/gets/get.go:74.2,74.12 1 0
github.com/fernandoocampo/kbkitt/apps/kbcli/internal/cmds/gets/get.go:77.72,79.16 2 0
github.com/fernandoocampo/kbkitt/apps/kbcli/internal/cmds/gets/get.go:79.16,81.3 1 0
github.com/fernandoocampo/kbkitt/apps/kbcli/internal/cmds/gets/get.go:83.2,83.15 1 0
github.com/fernandoocampo/kbkitt/apps/kbcli/internal/cmds/gets/get.go:83.15,86.3 2 0
github.com/fernandoocampo/kbkitt/apps/kbcli/internal/cmds/gets/get.go:88.2,90.12 2 0
github.com/fernandoocampo/kbkitt/apps/kbcli/internal/cmds/gets/get.go:93.59,102.2 1 0
github.com/fernandoocampo/kbkitt/apps/kbcli/internal/cmds/gets/gui.go:77.70,83.16 4 0
github.com/fernandoocampo/kbkitt/apps/kbcli/internal/cmds/gets/gui.go:83.16,85.3 1 0
github.com/fernandoocampo/kbkitt/apps/kbcli/internal/cmds/gets/gui.go:87.2,94.16 4 0
github.com/fernandoocampo/kbkitt/apps/kbcli/internal/cmds/gets/gui.go:94.16,96.3 1 0
github.com/fernandoocampo/kbkitt/apps/kbcli/internal/cmds/gets/gui.go:98.2,98.12 1 0
github.com/fernandoocampo/kbkitt/apps/kbcli/internal/cmds/gets/gui.go:101.65,111.2 2 0
github.com/fernandoocampo/kbkitt/apps/kbcli/internal/cmds/gets/gui.go:113.49,126.16 5 0
github.com/fernandoocampo/kbkitt/apps/kbcli/internal/cmds/gets/gui.go:126.16,128.3 1 0
github.com/fernandoocampo/kbkitt/apps/kbcli/internal/cmds/gets/gui.go:130.2,131.16 2 0
github.com/fernandoocampo/kbkitt/apps/kbcli/internal/cmds/gets/gui.go:131.16,133.3 1 0
github.com/fernandoocampo/kbkitt/apps/kbcli/internal/cmds/gets/gui.go:135.2,137.17 2 0
github.com/fernandoocampo/kbkitt/apps/kbcli/internal/cmds/gets/gui.go:140.61,149.2 7 0
github.com/fernandoocampo/kbkitt/apps/kbcli/internal/cmds/gets/gui.go:151.39,193.2 32 0
github.com/fernandoocampo/kbkitt/apps/kbcli/internal/cmds/gets/gui.go:195.31,228.2 11 0
github.com/fernandoocampo/kbkitt/apps/kbcli/internal/cmds/gets/gui.go:230.32,232.2 1 0
github.com/fernandoocampo/kbkitt/apps/kbcli/internal/cmds/gets/gui.go:234.58,237.27 3 0
github.com/fernandoocampo/kbkitt/apps/kbcli/internal/cmds/gets/gui.go:238.18,239.19 1 0
github.com/fernandoocampo/kbkitt/apps/kbcli/internal/cmds/gets/gui.go:240.33,241.22 1 0
github.com/fernandoocampo/kbkitt/apps/kbcli/internal/cmds/gets/gui.go:242.21,244.17 2 0
github.com/fernandoocampo/kbkitt/apps/kbcli/internal/cmds/gets/gui.go:245.21,246.18 1 0
github.com/fernandoocampo/kbkitt/apps/kbcli/internal/cmds/gets/gui.go:247.20,251.19 4 0
github.com/fernandoocampo/kbkitt/apps/kbcli/internal/cmds/gets/gui.go:251.19,254.6 2 0
github.com/fernandoocampo/kbkitt/apps/kbcli/internal/cmds/gets/gui.go:255.5,255.61 1 0
github.com/fernandoocampo/kbkitt/apps/kbcli/internal/cmds/gets/gui.go:256.20,257.24 1 0
github.com/fernandoocampo/kbkitt/apps/kbcli/internal/cmds/gets/gui.go:259.21,261.17 2 0
github.com/fernandoocampo/kbkitt/apps/kbcli/internal/cmds/gets/gui.go:262.20,263.58 1 0
github.com/fernandoocampo/kbkitt/apps/kbcli/internal/cmds/gets/gui.go:263.58,265.5 1 0
github.com/fernandoocampo/kbkitt/apps/kbcli/internal/cmds/gets/gui.go:266.4,269.18 3 0
github.com/fernandoocampo/kbkitt/apps/kbcli/internal/cmds/gets/gui.go:269.18,272.5 2 0
github.com/fernandoocampo/kbkitt/apps/kbcli/internal/cmds/gets/gui.go:273.21,274.89 1 0
github.com/fernandoocampo/kbkitt/apps/kbcli/internal/cmds/gets/gui.go:274.89,276.5 1 0
github.com/fernandoocampo/kbkitt/apps/kbcli/internal/cmds/gets/gui.go:277.4,279.18 3 0
github.com/fernandoocampo/kbkitt/apps/kbcli/internal/cmds/gets/gui.go:279.18,282.5 2 0
github.com/fernandoocampo/kbkitt/apps/kbcli/internal/cmds/gets/gui.go:283.20,285.17 2 0
github.com/fernandoocampo/kbkitt/apps/kbcli/internal/cmds/gets/gui.go:286.18,288.17 2 0
github.com/fernandoocampo/kbkitt/apps/kbcli/internal/cmds/gets/gui.go:289.21,291.33 2 0
github.com/fernandoocampo/kbkitt/apps/kbcli/internal/cmds/gets/gui.go:292.38,293.28 1 0
github.com/fernandoocampo/kbkitt/apps/kbcli/internal/cmds/gets/gui.go:293.28,295.5 1 0
github.com/fernandoocampo/kbkitt/apps/kbcli/internal/cmds/gets/gui.go:296.4,297.28 2 0
github.com/fernandoocampo/kbkitt/apps/kbcli/internal/cmds/gets/gui.go:298.33,299.28 1 0
github.com/fernandoocampo/kbkitt/apps/kbcli/internal/cmds/gets/gui.go:299.28,301.5 1 0
github.com/fernandoocampo/kbkitt/apps/kbcli/internal/cmds/gets/gui.go:302.4,302.58 1 0
github.com/fernandoocampo/kbkitt/apps/kbcli/internal/cmds/gets/gui.go:302.58,306.19 4 0
github.com/fernandoocampo/kbkitt/apps/kbcli/internal/cmds/gets/gui.go:306.19,309.6 2 0
github.com/fernandoocampo/kbkitt/apps/kbcli/internal/cmds/gets/gui.go:310.5,310.61 1 0
github.com/fernandoocampo/kbkitt/apps/kbcli/internal/cmds/gets/gui.go:311.10,313.5 1 0
github.com/fernandoocampo/kbkitt/apps/kbcli/internal/cmds/gets/gui.go:314.21,315.28 1 0
github.com/fernandoocampo/kbkitt/apps/kbcli/internal/cmds/gets/gui.go:315.28,317.5 1 0
github.com/fernandoocampo/kbkitt/apps/kbcli/internal/cmds/gets/gui.go:318.4,320.18 3 0
github.com/fernandoocampo/kbkitt/apps/kbcli/internal/cmds/gets/gui.go:320.18,323.5 2 0
github.com/fernandoocampo/kbkitt/apps/kbcli/internal/cmds/gets/gui.go:324.4,328.17 5 0
github.com/fernandoocampo/kbkitt/apps/kbcli/internal/cmds/gets/gui.go:330.10,331.16 1 0
github.com/fernandoocampo/kbkitt/apps/kbcli/internal/cmds/gets/gui.go:334.2,334.16 1 0
github.com/fernandoocampo/kbkitt/apps/kbcli/internal/cmds/gets/gui.go:335.18,341.16 5 0
github.com/fernandoocampo/kbkitt/apps/kbcli/internal/cmds/gets/gui.go:342.18,343.38 1 0
github.com/fernandoocampo/kbkitt/apps/kbcli/internal/cmds/gets/gui.go:343.38,345.4 1 0
github.com/fernandoocampo/kbkitt/apps/kbcli/internal/cmds/gets/gui.go:346.3,348.38 2 0
github.com/fernandoocampo/kbkitt/apps/kbcli/internal/cmds/gets/gui.go:348.38,349.47 1 0
github.com/fernandoocampo/kbkitt/apps/kbcli/internal/cmds/gets/gui.go:349.47,352.5 2 0
github.com/fernandoocampo/kbkitt/apps/kbcli/internal/cmds/gets/gui.go:354.3,354.31 1 0
github.com/fernandoocampo/kbkitt/apps/kbcli/internal/cmds/gets/gui.go:355.10,356.16 1 0
github.com/fernandoocampo/kbkitt/apps/kbcli/internal/cmds/gets/gui.go:360.31,361.16 1 0
github.com/fernandoocampo/kbkitt/apps/kbcli/internal/cmds/gets/gui.go:362.16,363.26 1 0
github.com/fernandoocampo/kbkitt/apps/kbcli/internal/cmds/gets/gui.go:364.18,365.27 1 0
github.com/fernandoocampo/kbkitt/apps/kbcli/internal/cmds/gets/gui.go:366.18,367.14 1 0
github.com/fernandoocampo/kbkitt/apps/kbcli/internal/cmds/gets/gui.go:368.10,369.23 1 0
github.com/fernandoocampo/kbkitt/apps/kbcli/internal/cmds/gets/gui.go:373.39,375.2 1 0
github.com/fernandoocampo/kbkitt/apps/kbcli/internal/cmds/gets/gui.go:377.35,378.36 1 0
github.com/fernandoocampo/kbkitt/apps/kbcli/internal/cmds/gets/gui.go:378.36,380.3 1 0
github.com/fernandoocampo/kbkitt/apps/kbcli/internal/cmds/gets/gui.go:382.2,382.62 1 0
github.com/fernandoocampo/kbkitt/apps/kbcli/internal/cmds/gets/gui.go:382.62,384.3 1 0
github.com/fernandoocampo/kbkitt/apps/kbcli/internal/cmds/gets/gui.go:386.2,386.93 1 0
github.com/fernandoocampo/kbkitt/apps/kbcli/internal/cmds/gets/gui.go:389.36,402.2 10 0
github.com/fernandoocampo/kbkitt/apps/kbcli/internal/cmds/gets/gui.go:404.32,409.16 4 0
github.com/fernandoocampo/kbkitt/apps/kbcli/internal/cmds/gets/gui.go:409.16,411.3 1 0
github.com/fernandoocampo/kbkitt/apps/kbcli/internal/cmds/gets/gui.go:413.2,415.12 2 0
github.com/fernandoocampo/kbkitt/apps/kbcli/internal/cmds/gets/gui.go:418.39,420.16 2 0
github.com/fernandoocampo/kbkitt/apps/kbcli/internal/cmds/gets/gui.go:420.16,422.3 1 0
github.com/fernandoocampo/kbkitt/apps/kbcli/internal/cmds/gets/gui.go:424.2,424.19 1 0
github.com/fernandoocampo/kbkitt/apps/kbcli/internal/cmds/gets/gui.go:424.19,427.3 2 0
github.com/fernandoocampo/kbkitt/apps/kbcli/internal/cmds/gets/gui.go:429.2,431.12 2 0
github.com/fernandoocampo/kbkitt/apps/kbcli/internal/cmds/gets/gui.go:434.48,436.16 2 0
github.com/fernandoocampo/kbkitt/apps/kbcli/internal/cmds/gets/gui.go:436.16,438.3 1 0
github.com/fernandoocampo/kbkitt/apps/kbcli/internal/cmds/gets/gui.go:440.2,442.12 2 0
github.com/fernandoocampo/kbkitt/apps/kbcli/internal/cmds/gets/gui.go:445.49,448.26 2 0
github.com/fernandoocampo/kbkitt/apps/kbcli/internal/cmds/gets/gui.go:448.26,450.3 1 0
github.com/fernandoocampo/kbkitt/apps/kbcli/internal/cmds/gets/gui.go:451.2,451.15 1 0
github.com/fernandoocampo/kbkitt/apps/kbcli/internal/cmds/gets/gui.go:454.34,456.2 1 0
github.com/fernandoocampo/kbkitt/apps/kbcli/internal/cmds/gets/gui.go:458.37,484.2 1 0
github.com/fernandoocampo/kbkitt/apps/kbcli/internal/cmds/gets/gui.go:486.39,518.2 1 0
github.com/fernandoocampo/kbkitt/apps/kbcli/internal/cmds/gets/gui.go:520.35,521.36 1 0
github.com/fernandoocampo/kbkitt/apps/kbcli/internal/cmds/gets/gui.go:521.36,523.3 1 0
github.com/fernandoocampo/kbkitt/apps/kbcli/internal/cmds/gets/gui.go:525.2,526.16 2 0
github.com/fernandoocampo/kbkitt/apps/kbcli/internal/cmds/gets/gui.go:526.16,529.3 1 0
github.com/fernandoocampo/kbkitt/apps/kbcli/internal/cmds/gets/gui.go:531.2,533.42 2 0
github.com/fernandoocampo/kbkitt/apps/kbcli/internal/cmds/gets/gui.go:534.25,536.38 1 0
github.com/fernandoocampo/kbkitt/apps/kbcli/internal/cmds/gets/gui.go:537.10,538.40 1 0
github.com/fernandoocampo/kbkitt/apps/kbcli/internal/cmds/gets/gui.go:541.2,541.55 1 0
github.com/fernandoocampo/kbkitt/apps/kbcli/internal/cmds/gets/gui.go:544.31,545.96 1 0
github.com/fernandoocampo/kbkitt/apps/kbcli/internal/cmds/gets/gui.go:545.96,547.3 1 0
github.com/fernandoocampo/kbkitt/apps/kbcli/internal/cmds/gets/gui.go:549.2,551.22 2 0
github.com/fernandoocampo/kbkitt/apps/kbcli/internal/cmds/gets/gui.go:552.15,553.44 1 0
github.com/fernandoocampo/kbkitt/apps/kbcli/internal/cmds/gets/gui.go:554.17,555.75 1 0
github.com/fernandoocampo/kbkitt/apps/kbcli/internal/cmds/gets/gui.go:556.16,557.40 1 0
github.com/fernandoocampo/kbkitt/apps/kbcli/internal/cmds/gets/gui.go:558.10,559.9 1 0
github.com/fernandoocampo/kbkitt/apps/kbcli/internal/cmds/gets/gui.go:564.34,566.2 1 0
github.com/fernandoocampo/kbkitt/apps/kbcli/internal/cmds/gets/gui.go:569.34,572.19 2 0
github.com/fernandoocampo/kbkitt/apps/kbcli/internal/cmds/gets/gui.go:572.19,574.3 1 0
github.com/fernandoocampo/kbkitt/apps/kbcli/internal/cmds/gets/gui.go:577.33,582.2 4 0
github.com/fernandoocampo/kbkitt/apps/kbcli/internal/cmds/updates/gui.go:48.29,52.16 3 0
github.com/fernandoocampo/kbkitt/apps/kbcli/internal/cmds/updates/gui.go:52.16,54.3 1 0
github.com/fernandoocampo/kbkitt/apps/kbcli/internal/cmds/updates/gui.go:56.2,56.12 1 0
github.com/fernandoocampo/kbkitt/apps/kbcli/internal/cmds/updates/gui.go:59.27,125.2 54 0
github.com/fernandoocampo/kbkitt/apps/kbcli/internal/cmds/updates/gui.go:127.31,129.2 1 0
github.com/fernandoocampo/kbkitt/apps/kbcli/internal/cmds/updates/gui.go:131.57,134.27 2 0
github.com/fernandoocampo/kbkitt/apps/kbcli/internal/cmds/updates/gui.go:135.18,136.19 1 0
github.com/fernandoocampo/kbkitt/apps/kbcli/internal/cmds/updates/gui.go:137.33,139.22 2 0
github.com/fernandoocampo/kbkitt/apps/kbcli/internal/cmds/updates/gui.go:140.38,141.17 1 0
github.com/fernandoocampo/kbkitt/apps/kbcli/internal/cmds/updates/gui.go:142.21,144.22 2 0
github.com/fernandoocampo/kbkitt/apps/kbcli/internal/cmds/updates/gui.go:145.33,146.36 1 0
github.com/fernandoocampo/kbkitt/apps/kbcli/internal/cmds/updates/gui.go:146.36,149.5 2 0
github.com/fernandoocampo/kbkitt/apps/kbcli/internal/cmds/updates/gui.go:150.4,150.17 1 0
github.com/fernandoocampo/kbkitt/apps/kbcli/internal/cmds/updates/gui.go:152.3,152.27 1 0
github.com/fernandoocampo/kbkitt/apps/kbcli/internal/cmds/updates/gui.go:152.27,154.4 1 0
github.com/fernandoocampo/kbkitt/apps/kbcli/internal/cmds/updates/gui.go:155.3,155.30 1 0
github.com/fernandoocampo/kbkitt/apps/kbcli/internal/cmds/updates/gui.go:158.14,160.16 2 0
github.com/fernandoocampo/kbkitt/apps/kbcli/internal/cmds/updates/gui.go:163.2,163.26 1 0
github.com/fernandoocampo/kbkitt/apps/kbcli/internal/cmds/updates/gui.go:163.26,164.35 1 0
github.com/fernandoocampo/kbkitt/apps/kbcli/internal/cmds/updates/gui.go:164.35,167.12 3 0
github.com/fernandoocampo/kbkitt/apps/kbcli/internal/cmds/updates/gui.go:169.3,170.64 2 0
github.com/fernandoocampo/kbkitt/apps/kbcli/internal/cmds/updates/gui.go:173.2,173.30 1 0
github.com/fernandoocampo/kbkitt/apps/kbcli/internal/cmds/updates/gui.go:176.30,223.2 1 0
github.com/fernandoocampo/kbkitt/apps/kbcli/internal/cmds/updates/gui.go:226.29,228.2 1 0
github.com/fernandoocampo/kbkitt/apps/kbcli/internal/cmds/updates/gui.go:231.29,234.19 2 0
github.com/fernandoocampo/kbkitt/apps/kbcli/internal/cmds/updates/gui.go:234.19,236.3 1 0
github.com/fernandoocampo/kbkitt/apps/kbcli/internal/cmds/updates/gui.go:239.33,247.2 7 0
github.com/fernandoocampo/kbkitt/apps/kbcli/internal/cmds/updates/gui.go:249.47,250.47 1 0
github.com/fernandoocampo/kbkitt/apps/kbcli/internal/cmds/updates/gui.go:250.47,252.3 1 0
github.com/fernandoocampo/kbkitt/apps/kbcli/internal/cmds/updates/gui.go:254.2,262.14 7 0
github.com/fernandoocampo/kbkitt/apps/kbcli/internal/cmds/updates/update.go:30.61,46.2 5 0
github.com/fernandoocampo/kbkitt/apps/kbcli/internal/cmds/updates/update.go:48.69,49.49 1 0
github.com/fernandoocampo/kbkitt/apps/kbcli/internal/cmds/updates/update.go:49.49,55.17 4 0
github.com/fernandoocampo/kbkitt/apps/kbcli/internal/cmds/updates/update.go:55.17,58.4 2 0
github.com/fernandoocampo/kbkitt/apps/kbcli/internal/cmds/updates/update.go:62.48,64.16 2 0
github.com/fernandoocampo/kbkitt/apps/kbcli/internal/cmds/updates/update.go:64.16,66.3 1 0
github.com/fernandoocampo/kbkitt/apps/kbcli/internal/cmds/updates/update.go:68.2,68.23 1 0
github.com/fernandoocampo/kbkitt/apps/kbcli/internal/cmds/updates/update.go:68.23,70.3 1 0
github.com/fernandoocampo/kbkitt/apps/kbcli/internal/cmds/updates/update.go:72.2,78.46 5 0
github.com/fernandoocampo/kbkitt/apps/kbcli/internal/cmds/updates/update.go:78.46,81.3 2 0
github.com/fernandoocampo/kbkitt/apps/kbcli/internal/cmds/updates/update.go:83.2,86.16 3 0
github.com/fernandoocampo/kbkitt/apps/kbcli/internal/cmds/updates/update.go:86.16,88.3 1 0
github.com/fernandoocampo/kbkitt/apps/kbcli/internal/cmds/updates/update.go:90.2,90.13 1 0
github.com/fernandoocampo/kbkitt/apps/kbcli/internal/cmds/updates/update.go:90.13,92.3 1 0
github.com/fernandoocampo/kbkitt/apps/kbcli/internal/cmds/updates/update.go:94.2,94.22 1 0
github.com/fernandoocampo/kbkitt/apps/kbcli/internal/cmds/updates/update.go:94.22,97.3 2 0
github.com/fernandoocampo/kbkitt/apps/kbcli/internal/cmds/updates/update.go:99.2,101.16 3 0
github.com/fernandoocampo/kbkitt/apps/kbcli/internal/cmds/updates/update.go:101.16,103.3 1 0
github.com/fernandoocampo/kbkitt/apps/kbcli/internal/cmds/updates/update.go:105.2,108.12 3 0
github.com/fernandoocampo/kbkitt/apps/kbcli/internal/cmds/updates/update.go:111.32,112.41 1 0
github.com/fernandoocampo/kbkitt/apps/kbcli/internal/cmds/updates/update.go:112.41,114.3 1 0
github.com/fernandoocampo/kbkitt/apps/kbcli/internal/cmds/updates/update.go:116.2,118.27 2 0
github.com/fernandoocampo/kbkitt/apps/kbcli/internal/cmds/updates/update.go:121.27,126.42 5 0
github.com/fernandoocampo/kbkitt/apps/kbcli/internal/cmds/updates/update.go:126.42,129.3 2 0
github.com/fernandoocampo/kbkitt/apps/kbcli/internal/cmds/updates/update.go:130.2,131.14 2 0
github.com/fernandoocampo/kbkitt/apps/kbcli/internal/cmds/updates/update.go:134.29,136.2 1 0
github.com/fernandoocampo/kbkitt/apps/kbcli/internal/cmds/exports/export.go:27.61,39.2 4 0
github.com/fernandoocampo/kbkitt/apps/kbcli/internal/cmds/exports/export.go:41.93,42.49 1 0
github.com/fernandoocampo/kbkitt/apps/kbcli/internal/cmds/exports/export.go:42.49,44.17 2 0
github.com/fernandoocampo/kbkitt/apps/kbcli/internal/cmds/exports/export.go:44.17,47.4 2 0
github.com/fernandoocampo/kbkitt/apps/kbcli/internal/cmds/exports/export.go:51.45,57.34 4 0
github.com/fernandoocampo/kbkitt/apps/kbcli/internal/cmds/exports/export.go:57.34,59.17 2 0
github.com/fernandoocampo/kbkitt/apps/kbcli/internal/cmds/exports/export.go:59.17,61.4 1 0
github.com/fernandoocampo/kbkitt/apps/kbcli/internal/cmds/exports/export.go:63.3,63.20 1 0
github.com/fernandoocampo/kbkitt/apps/kbcli/internal/cmds/exports/export.go:63.20,66.4 2 0
github.com/fernandoocampo/kbkitt/apps/kbcli/internal/cmds/exports/export.go:68.3,69.17 2 0
github.com/fernandoocampo/kbkitt/apps/kbcli/internal/cmds/exports/export.go:69.17,71.4 1 0
github.com/fernandoocampo/kbkitt/apps/kbcli/internal/cmds/exports/export.go:73.3,76.32 3 0
github.com/fernandoocampo/kbkitt/apps/kbcli/internal/cmds/exports/export.go:79.2,81.12 2 0
github.com/fernandoocampo/kbkitt/apps/kbcli/internal/cmds/exports/export.go:84.62,91.2 1 0
github.com/fernandoocampo/kbkitt/apps/kbcli/internal/cmds/exports/export.go:93.34,97.2 3 0
github.com/fernandoocampo/kbkitt/apps/kbcli/internal/cmds/exports/export.go:99.69,102.25 2 0
github.com/fernandoocampo/kbkitt/apps/kbcli/internal/cmds/exports/export.go:102.25,104.17 2 0
github.com/fernandoocampo/kbkitt/apps/kbcli/internal/cmds/exports/export.go:104.17,106.4 1 0
github.com/fernandoocampo/kbkitt/apps/kbcli/internal/cmds/exports/export.go:108.3,108.17 1 0
github.com/fernandoocampo/kbkitt/apps/kbcli/internal/cmds/exports/export.go:108.17,110.4 1 0
github.com/fernandoocampo/kbkitt/apps/kbcli/internal/cmds/exports/export.go:110.9,112.4 1 0
github.com/fernandoocampo/kbkitt/apps/kbcli/internal/cmds/exports/export.go:113.3,113.42 1 0
github.com/fernandoocampo/kbkitt/apps/kbcli/internal/cmds/exports/export.go:116.2,116.21 1 0
github.com/fernandoocampo/kbkitt/apps/kbcli/internal/cmds/syncs/sync.go:31.59,43.2 4 0
github.com/fernandoocampo/kbkitt/apps/kbcli/internal/cmds/syncs/sync.go:45.87,46.49 1 0
github.com/fernandoocampo/kbkitt/apps/kbcli/internal/cmds/syncs/sync.go:46.49,50.17 3 0
github.com/fernandoocampo/kbkitt/apps/kbcli/internal/cmds/syncs/sync.go:50.17,53.4 2 0
github.com/fernandoocampo/kbkitt/apps/kbcli/internal/cmds/syncs/sync.go:55.3,55.38 1 0
github.com/fernandoocampo/kbkitt/apps/kbcli/internal/cmds/syncs/sync.go:55.38,57.4 1 0
github.com/fernandoocampo/kbkitt/apps/kbcli/internal/cmds/syncs/sync.go:59.3,59.28 1 0
github.com/fernandoocampo/kbkitt/apps/kbcli/internal/cmds/syncs/sync.go:63.45,64.16 1 0
github.com/fernandoocampo/kbkitt/apps/kbcli/internal/cmds/syncs/sync.go:64.16,66.3 1 0
github.com/fernandoocampo/kbkitt/apps/kbcli/internal/cmds/syncs/sync.go:68.2,68.28 1 0
github.com/fernandoocampo/kbkitt/apps/kbcli/internal/cmds/syncs/sync.go:68.28,71.3 2 0
github.com/fernandoocampo/kbkitt/apps/kbcli/internal/cmds/syncs/sync.go:73.2,73.52 1 0
github.com/fernandoocampo/kbkitt/apps/kbcli/internal/cmds/syncs/sync.go:73.52,75.3 1 0
github.com/fernandoocampo/kbkitt/apps/kbcli/internal/cmds/syncs/sync.go:77.2,77.57 1 0
github.com/fernandoocampo/kbkitt/apps/kbcli/internal/cmds/syncs/sync.go:77.57,79.3 1 0
github.com/fernandoocampo/kbkitt/apps/kbcli/internal/cmds/syncs/sync.go:82.45,84.34 2 0
github.com/fernandoocampo/kbkitt/apps/kbcli/internal/cmds/syncs/sync.go:84.34,85.24 1 0
github.com/fernandoocampo/kbkitt/apps/kbcli/internal/cmds/syncs/sync.go:85.24,87.4 1 0
github.com/fernandoocampo/kbkitt/apps/kbcli/internal/cmds/syncs/sync.go:90.2,97.48 8 0
github.com/fernandoocampo/kbkitt/apps/kbcli/internal/cmds/syncs/sync.go:97.48,99.3 1 0
github.com/fernandoocampo/kbkitt/apps/kbcli/internal/cmds/syncs/sync.go:102.42,110.34 8 0
github.com/fernandoocampo/kbkitt/apps/kbcli/internal/cmds/syncs/sync.go:110.34,112.3 1 0
github.com/fernandoocampo/kbkitt/apps/kbcli/internal/cmds/syncs/sync.go:115.40,117.2 1 0
github.com/fernandoocampo/kbkitt/apps/kbcli/internal/settings/configuration.go:44.40,50.2 1 0
github.com/fernandoocampo/kbkitt/apps/kbcli/internal/settings/configuration.go:52.50,54.16 2 0
github.com/fernandoocampo/kbkitt/apps/kbcli/internal/settings/configuration.go:54.16,56.3 1 0
github.com/fernandoocampo/kbkitt/apps/kbcli/internal/settings/configuration.go:58.2,59.16 2 0
github.com/fernandoocampo/kbkitt/apps/kbcli/internal/settings/configuration.go:59.16,61.3 1 0
github.com/fernandoocampo/kbkitt/apps/kbcli/internal/settings/configuration.go:63.2,63.21 1 0
github.com/fernandoocampo/kbkitt/apps/kbcli/internal/settings/configuration.go:63.21,65.3 1 0
github.com/fernandoocampo/kbkitt/apps/kbcli/internal/settings/configuration.go:67.2,70.16 3 0
github.com/fernandoocampo/kbkitt/apps/kbcli/internal/settings/configuration.go:70.16,72.3 1 0
github.com/fernandoocampo/kbkitt/apps/kbcli/internal/settings/configuration.go:74.2,76.28 2 0
github.com/fernandoocampo/kbkitt/apps/kbcli/internal/settings/configuration.go:79.41,81.16 2 0
github.com/fernandoocampo/kbkitt/apps/kbcli/internal/settings/configuration.go:81.16,83.3 1 0
github.com/fernandoocampo/kbkitt/apps/kbcli/internal/settings/configuration.go:85.2,86.16 2 0
github.com/fernandoocampo/kbkitt/apps/kbcli/internal/settings/configuration.go:86.16,88.3 1 0
github.com/fernandoocampo/kbkitt/apps/kbcli/internal/settings/configuration.go:90.2,90.11 1 0
github.com/fernandoocampo/kbkitt/apps/kbcli/internal/settings/configuration.go:90.11,92.3 1 0
github.com/fernandoocampo/kbkitt/apps/kbcli/internal/settings/configuration.go:94.2,95.16 2 0
github.com/fernandoocampo/kbkitt/apps/kbcli/internal/settings/configuration.go:95.16,97.3 1 0
github.com/fernandoocampo/kbkitt/apps/kbcli/internal/settings/configuration.go:99.2,99.12 1 0
github.com/fernandoocampo/kbkitt/apps/kbcli/internal/settings/configuration.go:102.41,104.16 2 0
github.com/fernandoocampo/kbkitt/apps/kbcli/internal/settings/configuration.go:104.16,106.3 1 0
github.com/fernandoocampo/kbkitt/apps/kbcli/internal/settings/configuration.go:108.2,108.35 1 0
github.com/fernandoocampo/kbkitt/apps/kbcli/internal/settings/configuration.go:108.35,111.3 2 0
github.com/fernandoocampo/kbkitt/apps/kbcli/internal/settings/configuration.go:113.2,113.35 1 0
github.com/fernandoocampo/kbkitt/apps/kbcli/internal/settings/configuration.go:113.35,116.3 2 0
github.com/fernandoocampo/kbkitt/apps/kbcli/internal/settings/configuration.go:118.2,119.16 2 0
github.com/fernandoocampo/kbkitt/apps/kbcli/internal/settings/configuration.go:119.16,121.3 1 0
github.com/fernandoocampo/kbkitt/apps/kbcli/internal/settings/configuration.go:123.2,124.16 2 0
github.com/fernandoocampo/kbkitt/apps/kbcli/internal/settings/configuration.go:124.16,126.3 1 0
github.com/fernandoocampo/kbkitt/apps/kbcli/internal/settings/configuration.go:128.2,128.12 1 0
github.com/fernandoocampo/kbkitt/apps/kbcli/internal/settings/configuration.go:131.99,134.16 3 0
github.com/fernandoocampo/kbkitt/apps/kbcli/internal/settings/configuration.go:134.16,136.3 1 0
github.com/fernandoocampo/kbkitt/apps/kbcli/internal/settings/configuration.go:138.2,138.15 1 0
github.com/fernandoocampo/kbkitt/apps/kbcli/internal/settings/configuration.go:138.15,140.3 1 0
github.com/fernandoocampo/kbkitt/apps/kbcli/internal/settings/configuration.go:142.2,143.16 2 0
github.com/fernandoocampo/kbkitt/apps/kbcli/internal/settings/configuration.go:143.16,145.3 1 0
github.com/fernandoocampo/kbkitt/apps/kbcli/internal/settings/configuration.go:147.2,147.12 1 0
github.com/fernandoocampo/kbkitt/apps/kbcli/internal/settings/configuration.go:150.60,152.2 1 0
github.com/fernandoocampo/kbkitt/apps/kbcli/internal/settings/configuration.go:154.65,156.2 1 0
github.com/fernandoocampo/kbkitt/apps/kbcli/internal/settings/configuration.go:158.44,160.16 2 0
github.com/fernandoocampo/kbkitt/apps/kbcli/internal/settings/configuration.go:160.16,162.3 1 0
github.com/fernandoocampo/kbkitt/apps/kbcli/internal/settings/configuration.go:164.2,164.48 1 0
github.com/fernandoocampo/kbkitt/apps/kbcli/internal/settings/configuration.go:167.43,169.2 1 0
github.com/fernandoocampo/kbkitt/apps/kbcli/internal/settings/configuration.go:171.52,173.2 1 0
github.com/fernandoocampo/kbkitt/apps/kbcli/internal/settings/configuration.go:175.56,177.2 1 0
github.com/fernandoocampo/kbkitt/apps/kbcli/internal/settings/configuration.go:179.53,180.30 1 0
github.com/fernandoocampo/kbkitt/apps/kbcli/internal/settings/configuration.go:180.30,182.3 1 0
github.com/fernandoocampo/kbkitt/apps/kbcli/internal/settings/configuration.go:184.2,185.16 2 0
github.com/fernandoocampo/kbkitt/apps/kbcli/internal/settings/configuration.go:185.16,187.3 1 0
github.com/fernandoocampo/kbkitt/apps/kbcli/internal/settings/configuration.go:189.2,191.12 2 0
github.com/fernandoocampo/kbkitt/apps/kbcli/internal/cmds/setups/configure.go:25.44,34.2 2 0
github.com/fernandoocampo/kbkitt/apps/kbcli/internal/cmds/setups/configure.go:36.72,37.49 1 0
github.com/fernandoocampo/kbkitt/apps/kbcli/internal/cmds/setups/configure.go:37.49,39.17 2 0
github.com/fernandoocampo/kbkitt/apps/kbcli/internal/cmds/setups/configure.go:39.17,43.4 3 0
github.com/fernandoocampo/kbkitt/apps/kbcli/internal/cmds/setups/configure.go:45.3,46.17 2 0
github.com/fernandoocampo/kbkitt/apps/kbcli/internal/cmds/setups/configure.go:46.17,50.4 3 0
github.com/fernandoocampo/kbkitt/apps/kbcli/internal/cmds/setups/configure.go:52.3,52.52 1 0
github.com/fernandoocampo/kbkitt/apps/kbcli/internal/cmds/setups/configure.go:52.52,55.4 2 0
github.com/fernandoocampo/kbkitt/apps/kbcli/internal/cmds/setups/configure.go:57.3,60.17 3 0
github.com/fernandoocampo/kbkitt/apps/kbcli/internal/cmds/setups/configure.go:60.17,64.4 3 0
github.com/fernandoocampo/kbkitt/apps/kbcli/internal/cmds/setups/configure.go:66.3,66.22 1 0
github.com/fernandoocampo/kbkitt/apps/kbcli/internal/cmds/setups/configure.go:70.51,73.16 3 0
github.com/fernandoocampo/kbkitt/apps/kbcli/internal/cmds/setups/configure.go:73.16,75.3 1 0
github.com/fernandoocampo/kbkitt/apps/kbcli/internal/cmds/setups/configure.go:77.2,78.16 2 0
github.com/fernandoocampo/kbkitt/apps/kbcli/internal/cmds/setups/configure.go:78.16,80.3 1 0
github.com/fernandoocampo/kbkitt/apps/kbcli/internal/cmds/setups/configure.go:82.2,85.16 3 0
github.com/fernandoocampo/kbkitt/apps/kbcli/internal/cmds/setups/configure.go:85.16,87.3 1 0
github.com/fernandoocampo/kbkitt/apps/kbcli/internal/cmds/setups/configure.go:89.2,89.12 1 0
github.com/fernandoocampo/kbkitt/apps/kbcli/internal/cmds/setups/configure.go:92.32,98.2 4 0
github.com/fernandoocampo/kbkitt/apps/kbcli/internal/cmds/setups/configure.go:100.42,111.2 7 0
github.com/fernandoocampo/kbkitt/apps/kbcli/internal/cmds/versions/version.go:18.42,23.48 1 0
github.com/fernandoocampo/kbkitt/apps/kbcli/internal/cmds/versions/version.go:23.48,25.4 1 0
github.com/fernandoocampo/kbkitt/apps/kbcli/internal/cmds/versions/version.go:28.2,28.16 1 0
github.com/fernandoocampo/kbkitt/apps/kbcli/internal/kbs/model.go:167.48,168.39 1 2
github.com/fernandoocampo/kbkitt/apps/kbcli/internal/kbs/model.go:168.39,169.29 1 2
github.com/fernandoocampo/kbkitt/apps/kbcli/internal/kbs/model.go:169.29,170.21 1 3
github.com/fernandoocampo/kbkitt/apps/kbcli/internal/kbs/model.go:170.21,172.5 1 1
github.com/fernandoocampo/kbkitt/apps/kbcli/internal/kbs/model.go:177.54,178.39 1 2
github.com/fernandoocampo/kbkitt/apps/kbcli/internal/kbs/model.go:178.39,179.29 1 2
github.com/fernandoocampo/kbkitt/apps/kbcli/internal/kbs/model.go:179.29,180.26 1 3
github.com/fernandoocampo/kbkitt/apps/kbcli/internal/kbs/model.go:180.26,182.5 1 1
github.com/fernandoocampo/kbkitt/apps/kbcli/internal/kbs/model.go:187.48,188.39 1 2
github.com/fernandoocampo/kbkitt/apps/kbcli/internal/kbs/model.go:188.39,189.29 1 2
github.com/fernandoocampo/kbkitt/apps/kbcli/internal/kbs/model.go:189.29,190.41 1 3
github.com/fernandoocampo/kbkitt/apps/kbcli/internal/kbs/model.go:190.41,192.5 1 1
github.com/fernandoocampo/kbkitt/apps/kbcli/internal/kbs/model.go:197.54,198.39 1 2
github.com/fernandoocampo/kbkitt/apps/kbcli/internal/kbs/model.go:198.39,199.29 1 2
github.com/fernandoocampo/kbkitt/apps/kbcli/internal/kbs/model.go:199.29,200.27 1 3
github.com/fernandoocampo/kbkitt/apps/kbcli/internal/kbs/model.go:200.27,202.5 1 1
github.com/fernandoocampo/kbkitt/apps/kbcli/internal/kbs/model.go:207.58,214.2 1 1
github.com/fernandoocampo/kbkitt/apps/kbcli/internal/kbs/model.go:216.45,220.2 1 3
github.com/fernandoocampo/kbkitt/apps/kbcli/internal/kbs/model.go:222.50,226.2 1 1
github.com/fernandoocampo/kbkitt/apps/kbcli/internal/kbs/model.go:228.72,233.2 1 1
github.com/fernandoocampo/kbkitt/apps/kbcli/internal/kbs/model.go:235.50,239.2 1 1
github.com/fernandoocampo/kbkitt/apps/kbcli/internal/kbs/model.go:241.72,246.2 1 1
github.com/fernandoocampo/kbkitt/apps/kbcli/internal/kbs/model.go:248.35,250.2 1 3
github.com/fernandoocampo/kbkitt/apps/kbcli/internal/kbs/model.go:252.38,253.20 1 2
github.com/fernandoocampo/kbkitt/apps/kbcli/internal/kbs/model.go:253.20,255.3 1 1
github.com/fernandoocampo/kbkitt/apps/kbcli/internal/kbs/model.go:257.2,257.18 1 1
github.com/fernandoocampo/kbkitt/apps/kbcli/internal/kbs/model.go:260.38,262.2 1 1
github.com/fernandoocampo/kbkitt/apps/kbcli/internal/kbs/model.go:264.37,265.20 1 2
github.com/fernandoocampo/kbkitt/apps/kbcli/internal/kbs/model.go:265.20,267.3 1 1
github.com/fernandoocampo/kbkitt/apps/kbcli/internal/kbs/model.go:269.2,269.18 1 1
github.com/fernandoocampo/kbkitt/apps/kbcli/internal/kbs/model.go:272.38,274.2 1 1
github.com/fernandoocampo/kbkitt/apps/kbcli/internal/kbs/model.go:276.33,279.17 2 8
github.com/fernandoocampo/kbkitt/apps/kbcli/internal/kbs/model.go:279.17,281.3 1 0
github.com/fernandoocampo/kbkitt/apps/kbcli/internal/kbs/model.go:283.2,283.19 1 8
github.com/fernandoocampo/kbkitt/apps/kbcli/internal/kbs/model.go:283.19,285.3 1 2
github.com/fernandoocampo/kbkitt/apps/kbcli/internal/kbs/model.go:287.2,287.22 1 8
github.com/fernandoocampo/kbkitt/apps/kbcli/internal/kbs/model.go:287.22,289.3 1 2
github.com/fernandoocampo/kbkitt/apps/kbcli/internal/kbs/model.go:291.2,291.23 1 8
github.com/fernandoocampo/kbkitt/apps/kbcli/internal/kbs/model.go:291.23,293.3 1 2
github.com/fernandoocampo/kbkitt/apps/kbcli/internal/kbs/model.go:295.2,295.22 1 8
github.com/fernandoocampo/kbkitt/apps/kbcli/internal/kbs/model.go:295.22,297.3 1 1
github.com/fernandoocampo/kbkitt/apps/kbcli/internal/kbs/model.go:299.2,299.29 1 8
github.com/fernandoocampo/kbkitt/apps/kbcli/internal/kbs/model.go:299.29,300.21 1 15
github.com/fernandoocampo/kbkitt/apps/kbcli/internal/kbs/model.go:300.21,302.4 1 1
github.com/fernandoocampo/kbkitt/apps/kbcli/internal/kbs/model.go:305.2,305.12 1 8
github.com/fernandoocampo/kbkitt/apps/kbcli/internal/kbs/model.go:308.30,311.17 2 2
github.com/fernandoocampo/kbkitt/apps/kbcli/internal/kbs/model.go:311.17,313.3 1 0
github.com/fernandoocampo/kbkitt/apps/kbcli/internal/kbs/model.go:315.2,315.19 1 2
github.com/fernandoocampo/kbkitt/apps/kbcli/internal/kbs/model.go:315.19,317.3 1 1
github.com/fernandoocampo/kbkitt/apps/kbcli/internal/kbs/model.go:319.2,319.22 1 2
github.com/fernandoocampo/kbkitt/apps/kbcli/internal/kbs/model.go:319.22,321.3 1 1
github.com/fernandoocampo/kbkitt/apps/kbcli/internal/kbs/model.go:323.2,323.23 1 2
github.com/fernandoocampo/kbkitt/apps/kbcli/internal/kbs/model.go:323.23,325.3 1 1
github.com/fernandoocampo/kbkitt/apps/kbcli/internal/kbs/model.go:327.2,327.22 1 2
github.com/fernandoocampo/kbkitt/apps/kbcli/internal/kbs/model.go:327.22,329.3 1 1
github.com/fernandoocampo/kbkitt/apps/kbcli/internal/kbs/model.go:331.2,331.29 1 2
github.com/fernandoocampo/kbkitt/apps/kbcli/internal/kbs/model.go:331.29,332.21 1 2
github.com/fernandoocampo/kbkitt/apps/kbcli/internal/kbs/model.go:332.21,334.4 1 0
github.com/fernandoocampo/kbkitt/apps/kbcli/internal/kbs/model.go:337.2,337.12 1 2
github.com/fernandoocampo/kbkitt/apps/kbcli/internal/kbs/model.go:340.41,342.16 2 1
github.com/fernandoocampo/kbkitt/apps/kbcli/internal/kbs/model.go:342.16,344.3 1 0
github.com/fernandoocampo/kbkitt/apps/kbcli/internal/kbs/model.go:346.2,346.20 1 1
github.com/fernandoocampo/kbkitt/apps/kbcli/internal/kbs/model.go:349.38,351.16 2 1
github.com/fernandoocampo/kbkitt/apps/kbcli/internal/kbs/model.go:351.16,353.3 1 0
github.com/fernandoocampo/kbkitt/apps/kbcli/internal/kbs/model.go:355.2,355.20 1 1
github.com/fernandoocampo/kbkitt/apps/kbcli/internal/kbs/model.go:358.41,359.54 1 3
github.com/fernandoocampo/kbkitt/apps/kbcli/internal/kbs/model.go:359.54,361.3 1 1
github.com/fernandoocampo/kbkitt/apps/kbcli/internal/kbs/model.go:363.2,363.12 1 2
github.com/fernandoocampo/kbkitt/apps/kbcli/internal/kbs/model.go:366.26,381.2 4 3
github.com/fernandoocampo/kbkitt/apps/kbcli/internal/kbs/model.go:383.29,401.2 1 7
github.com/fernandoocampo/kbkitt/apps/kbcli/internal/kbs/model.go:403.32,404.23 1 5
github.com/fernandoocampo/kbkitt/apps/kbcli/internal/kbs/model.go:404.23,413.3 1 4
github.com/fernandoocampo/kbkitt/apps/kbcli/internal/kbs/model.go:414.2,422.87 1 1
github.com/fernandoocampo/kbkitt/apps/kbcli/internal/kbs/model.go:425.34,427.2 1 3
github.com/fernandoocampo/kbkitt/apps/kbcli/internal/kbs/model.go:429.40,431.2 1 2
github.com/fernandoocampo/kbkitt/apps/kbcli/internal/kbs/model.go:433.32,435.2 1 2
github.com/fernandoocampo/kbkitt/apps/kbcli/internal/kbs/model.go:437.38,439.2 1 2
github.com/fernandoocampo/kbkitt/apps/kbcli/internal/kbs/model.go:441.35,443.2 1 2
github.com/fernandoocampo/kbkitt/apps/kbcli/internal/kbs/model.go:445.39,447.2 1 13
github.com/fernandoocampo/kbkitt/apps/kbcli/internal/kbs/model.go:449.53,451.16 2 3
github.com/fernandoocampo/kbkitt/apps/kbcli/internal/kbs/model.go:451.16,453.3 1 0
github.com/fernandoocampo/kbkitt/apps/kbcli/internal/kbs/model.go:455.2,459.33 4 3
github.com/fernandoocampo/kbkitt/apps/kbcli/internal/kbs/model.go:459.33,462.3 2 2
github.com/fernandoocampo/kbkitt/apps/kbcli/internal/kbs/model.go:464.2,464.21 1 3
github.com/fernandoocampo/kbkitt/apps/kbcli/internal/kbs/model.go:467.65,469.30 2 2
github.com/fernandoocampo/kbkitt/apps/kbcli/internal/kbs/model.go:469.30,470.30 1 3
github.com/fernandoocampo/kbkitt/apps/kbcli/internal/kbs/model.go:470.30,472.4 1 1
github.com/fernandoocampo/kbkitt/apps/kbcli/internal/kbs/model.go:474.2,474.19 1 2
github.com/fernandoocampo/kbkitt/apps/kbcli/internal/kbs/model.go:477.41,479.2 1 2
github.com/fernandoocampo/kbkitt/apps/kbcli/internal/kbs/model.go:481.36,483.2 1 1
github.com/fernandoocampo/kbkitt/apps/kbcli/internal/kbs/model.go:485.48,490.2 1 2
github.com/fernandoocampo/kbkitt/apps/kbcli/internal/kbs/model.go:492.38,495.17 2 3
github.com/fernandoocampo/kbkitt/apps/kbcli/internal/kbs/model.go:495.17,497.3 1 1
github.com/fernandoocampo/kbkitt/apps/kbcli/internal/kbs/model.go:499.2,499.39 1 3
github.com/fernandoocampo/kbkitt/apps/kbcli/internal/kbs/model.go:499.39,501.3 1 1
github.com/fernandoocampo/kbkitt/apps/kbcli/internal/kbs/model.go:503.2,503.12 1 3
github.com/fernandoocampo/kbkitt/apps/kbcli/internal/kbs/model.go:506.34,508.16 2 6
github.com/fernandoocampo/kbkitt/apps/kbcli/internal/kbs/model.go:508.16,510.3 1 4
github.com/fernandoocampo/kbkitt/apps/kbcli/internal/kbs/model.go:512.2,512.19 1 2
github.com/fernandoocampo/kbkitt/apps/kbcli/internal/kbs/model.go:512.19,514.3 1 0
github.com/fernandoocampo/kbkitt/apps/kbcli/internal/kbs/model.go:516.2,516.13 1 2
github.com/fernandoocampo/kbkitt/apps/kbcli/internal/kbs/model.go:520.37,521.12 1 3
github.com/fernandoocampo/kbkitt/apps/kbcli/internal/kbs/model.go:521.12,523.3 1 1
github.com/fernandoocampo/kbkitt/apps/kbcli/internal/kbs/model.go:525.2,525.23 1 2
github.com/fernandoocampo/kbkitt/apps/kbcli/internal/kbs/service.go:47.49,56.2 2 25
github.com/fernandoocampo/kbkitt/apps/kbcli/internal/kbs/service.go:62.70,64.16 2 3
github.com/fernandoocampo/kbkitt/apps/kbcli/internal/kbs/service.go:64.16,66.3 1 2
github.com/fernandoocampo/kbkitt/apps/kbcli/internal/kbs/service.go:68.2,71.50 3 1
github.com/fernandoocampo/kbkitt/apps/kbcli/internal/kbs/service.go:71.50,73.3 1 0
github.com/fernandoocampo/kbkitt/apps/kbcli/internal/kbs/service.go:75.2,75.16 1 1
github.com/fernandoocampo/kbkitt/apps/kbcli/internal/kbs/service.go:75.16,77.3 1 0
github.com/fernandoocampo/kbkitt/apps/kbcli/internal/kbs/service.go:79.2,79.17 1 1
github.com/fernandoocampo/kbkitt/apps/kbcli/internal/kbs/service.go:82.60,84.16 2 2
github.com/fernandoocampo/kbkitt/apps/kbcli/internal/kbs/service.go:84.16,86.3 1 1
github.com/fernandoocampo/kbkitt/apps/kbcli/internal/kbs/service.go:88.2,89.50 2 1
github.com/fernandoocampo/kbkitt/apps/kbcli/internal/kbs/service.go:89.50,91.3 1 0
github.com/fernandoocampo/kbkitt/apps/kbcli/internal/kbs/service.go:93.2,93.16 1 1
github.com/fernandoocampo/kbkitt/apps/kbcli/internal/kbs/service.go:93.16,95.3 1 0
github.com/fernandoocampo/kbkitt/apps/kbcli/internal/kbs/service.go:97.2,97.12 1 1
github.com/fernandoocampo/kbkitt/apps/kbcli/internal/kbs/service.go:100.86,102.16 2 3
github.com/fernandoocampo/kbkitt/apps/kbcli/internal/kbs/service.go:102.16,104.3 1 1
github.com/fernandoocampo/kbkitt/apps/kbcli/internal/kbs/service.go:106.2,111.31 2 2
github.com/fernandoocampo/kbkitt/apps/kbcli/internal/kbs/service.go:111.31,114.17 3 2
github.com/fernandoocampo/kbkitt/apps/kbcli/internal/kbs/service.go:114.17,116.12 2 1
github.com/fernandoocampo/kbkitt/apps/kbcli/internal/kbs/service.go:119.3,119.35 1 1
github.com/fernandoocampo/kbkitt/apps/kbcli/internal/kbs/service.go:122.2,122.21 1 2
github.com/fernandoocampo/kbkitt/apps/kbcli/internal/kbs/service.go:125.95,127.16 2 3
github.com/fernandoocampo/kbkitt/apps/kbcli/internal/kbs/service.go:127.16,129.3 1 2
github.com/fernandoocampo/kbkitt/apps/kbcli/internal/kbs/service.go:131.2,132.16 2 1
github.com/fernandoocampo/kbkitt/apps/kbcli/internal/kbs/service.go:132.16,134.3 1 0
github.com/fernandoocampo/kbkitt/apps/kbcli/internal/kbs/service.go:136.2,136.20 1 1
github.com/fernandoocampo/kbkitt/apps/kbcli/internal/kbs/service.go:139.71,141.16 2 1
github.com/fernandoocampo/kbkitt/apps/kbcli/internal/kbs/service.go:141.16,143.3 1 0
github.com/fernandoocampo/kbkitt/apps/kbcli/internal/kbs/service.go:145.2,146.16 2 1
github.com/fernandoocampo/kbkitt/apps/kbcli/internal/kbs/service.go:146.16,148.3 1 0
github.com/fernandoocampo/kbkitt/apps/kbcli/internal/kbs/service.go:150.2,152.12 2 1
github.com/fernandoocampo/kbkitt/apps/kbcli/internal/kbs/service.go:152.12,154.3 1 0
github.com/fernandoocampo/kbkitt/apps/kbcli/internal/kbs/service.go:156.2,159.16 3 1
github.com/fernandoocampo/kbkitt/apps/kbcli/internal/kbs/service.go:159.16,161.3 1 0
github.com/fernandoocampo/kbkitt/apps/kbcli/internal/kbs/service.go:163.2,163.12 1 1
github.com/fernandoocampo/kbkitt/apps/kbcli/internal/kbs/service.go:166.66,168.16 2 3
github.com/fernandoocampo/kbkitt/apps/kbcli/internal/kbs/service.go:168.16,170.3 1 0
github.com/fernandoocampo/kbkitt/apps/kbcli/internal/kbs/service.go:172.2,172.22 1 3
github.com/fernandoocampo/kbkitt/apps/kbcli/internal/kbs/service.go:172.22,174.3 1 1
github.com/fernandoocampo/kbkitt/apps/kbcli/internal/kbs/service.go:176.2,177.16 2 2
github.com/fernandoocampo/kbkitt/apps/kbcli/internal/kbs/service.go:177.16,179.3 1 0
github.com/fernandoocampo/kbkitt/apps/kbcli/internal/kbs/service.go:181.2,181.12 1 2
github.com/fernandoocampo/kbkitt/apps/kbcli/internal/kbs/service.go:181.12,183.3 1 2
github.com/fernandoocampo/kbkitt/apps/kbcli/internal/kbs/service.go:185.2,190.31 2 2
github.com/fernandoocampo/kbkitt/apps/kbcli/internal/kbs/service.go:190.31,192.17 2 2
github.com/fernandoocampo/kbkitt/apps/kbcli/internal/kbs/service.go:192.17,194.12 2 1
github.com/fernandoocampo/kbkitt/apps/kbcli/internal/kbs/service.go:197.3,197.32 1 1
github.com/fernandoocampo/kbkitt/apps/kbcli/internal/kbs/service.go:200.2,200.21 1 2
github.com/fernandoocampo/kbkitt/apps/kbcli/internal/kbs/service.go:203.69,205.16 2 1
github.com/fernandoocampo/kbkitt/apps/kbcli/internal/kbs/service.go:205.16,207.3 1 0
github.com/fernandoocampo/kbkitt/apps/kbcli/internal/kbs/service.go:209.2,209.20 1 1
github.com/fernandoocampo/kbkitt/apps/kbcli/internal/kbs/service.go:209.20,211.3 1 1
github.com/fernandoocampo/kbkitt/apps/kbcli/internal/kbs/service.go:213.2,213.28 1 0
github.com/fernandoocampo/kbkitt/apps/kbcli/internal/kbs/service.go:213.28,215.3 1 0
github.com/fernandoocampo/kbkitt/apps/kbcli/internal/kbs/service.go:218.2,219.16 2 0
github.com/fernandoocampo/kbkitt/apps/kbcli/internal/kbs/service.go:219.16,221.3 1 0
github.com/fernandoocampo/kbkitt/apps/kbcli/internal/kbs/service.go:223.2,223.23 1 0
github.com/fernandoocampo/kbkitt/apps/kbcli/internal/kbs/service.go:223.23,225.17 2 0
github.com/fernandoocampo/kbkitt/apps/kbcli/internal/kbs/service.go:225.17,227.4 1 0
github.com/fernandoocampo/kbkitt/apps/kbcli/internal/kbs/service.go:230.2,231.16 2 0
github.com/fernandoocampo/kbkitt/apps/kbcli/internal/kbs/service.go:231.16,233.3 1 0
github.com/fernandoocampo/kbkitt/apps/kbcli/internal/kbs/service.go:235.2,241.16 5 0
github.com/fernandoocampo/kbkitt/apps/kbcli/internal/kbs/service.go:241.16,243.3 1 0
github.com/fernandoocampo/kbkitt/apps/kbcli/internal/kbs/service.go:245.2,245.12 1 0
github.com/fernandoocampo/kbkitt/apps/kbcli/internal/kbs/service.go:248.51,249.23 1 1
github.com/fernandoocampo/kbkitt/apps/kbcli/internal/kbs/service.go:249.23,251.3 1 0
github.com/fernandoocampo/kbkitt/apps/kbcli/internal/kbs/service.go:253.2,254.16 2 1
github.com/fernandoocampo/kbkitt/apps/kbcli/internal/kbs/service.go:254.16,256.3 1 0
github.com/fernandoocampo/kbkitt/apps/kbcli/internal/kbs/service.go:258.2,258.17 1 1
github.com/fernandoocampo/kbkitt/apps/kbcli/internal/kbs/service.go:258.17,260.3 1 1
github.com/fernandoocampo/kbkitt/apps/kbcli/internal/kbs/service.go:262.2,262.16 1 0
github.com/fernandoocampo/kbkitt/apps/kbcli/internal/kbs/service.go:262.16,264.3 1 0
github.com/fernandoocampo/kbkitt/apps/kbcli/internal/kbs/service.go:266.2,266.19 1 0
github.com/fernandoocampo/kbkitt/apps/kbcli/internal/kbs/service.go:269.72,270.33 1 2
github.com/fernandoocampo/kbkitt/apps/kbcli/internal/kbs/service.go:270.33,272.3 1 1
github.com/fernandoocampo/kbkitt/apps/kbcli/internal/kbs/service.go:274.2,275.16 2 1
github.com/fernandoocampo/kbkitt/apps/kbcli/internal/kbs/service.go:275.16,277.3 1 0
github.com/fernandoocampo/kbkitt/apps/kbcli/internal/kbs/service.go:279.2,279.16 1 1
github.com/fernandoocampo/kbkitt/apps/kbcli/internal/kbs/service.go:282.74,283.34 1 2
github.com/fernandoocampo/kbkitt/apps/kbcli/internal/kbs/service.go:283.34,285.3 1 1
github.com/fernandoocampo/kbkitt/apps/kbcli/internal/kbs/service.go:287.2,288.16 2 1
github.com/fernandoocampo/kbkitt/apps/kbcli/internal/kbs/service.go:288.16,290.3 1 0
github.com/fernandoocampo/kbkitt/apps/kbcli/internal/kbs/service.go:292.2,292.16 1 1
github.com/fernandoocampo/kbkitt/apps/kbcli/internal/kbs/service.go:295.68,298.16 2 3
github.com/fernandoocampo/kbkitt/apps/kbcli/internal/kbs/service.go:298.16,300.3 1 0
github.com/fernandoocampo/kbkitt/apps/kbcli/internal/kbs/service.go:302.2,302.22 1 3
github.com/fernandoocampo/kbkitt/apps/kbcli/internal/kbs/service.go:302.22,304.3 1 1
github.com/fernandoocampo/kbkitt/apps/kbcli/internal/kbs/service.go:306.2,311.22 2 2
github.com/fernandoocampo/kbkitt/apps/kbcli/internal/kbs/service.go:311.22,313.3 1 1
github.com/fernandoocampo/kbkitt/apps/kbcli/internal/kbs/service.go:313.8,315.3 1 1
github.com/fernandoocampo/kbkitt/apps/kbcli/internal/kbs/service.go:317.2,318.16 2 2
github.com/fernandoocampo/kbkitt/apps/kbcli/internal/kbs/service.go:318.16,320.3 1 0
github.com/fernandoocampo/kbkitt/apps/kbcli/internal/kbs/service.go:322.2,322.23 1 2
github.com/fernandoocampo/kbkitt/apps/kbcli/internal/kbs/service.go:322.23,324.3 1 0
github.com/fernandoocampo/kbkitt/apps/kbcli/internal/kbs/service.go:326.2,328.25 2 2
github.com/fernandoocampo/kbkitt/apps/kbcli/internal/kbs/service.go:331.92,332.31 1 2
github.com/fernandoocampo/kbkitt/apps/kbcli/internal/kbs/service.go:332.31,334.3 1 1
github.com/fernandoocampo/kbkitt/apps/kbcli/internal/kbs/service.go:336.2,337.16 2 1
github.com/fernandoocampo/kbkitt/apps/kbcli/internal/kbs/service.go:337.16,339.3 1 0
github.com/fernandoocampo/kbkitt/apps/kbcli/internal/kbs/service.go:341.2,341.17 1 1
github.com/fernandoocampo/kbkitt/apps/kbcli/internal/kbs/service.go:344.40,345.35 1 5
github.com/fernandoocampo/kbkitt/apps/kbcli/internal/kbs/service.go:345.35,347.17 2 5
github.com/fernandoocampo/kbkitt/apps/kbcli/internal/kbs/service.go:347.17,349.4 1 1
github.com/fernandoocampo/kbkitt/apps/kbcli/internal/kbs/service.go:352.2,352.12 1 4
github.com/fernandoocampo/kbkitt/apps/kbcli/internal/adapters/storages/model.go:69.28,82.2 2 8
github.com/fernandoocampo/kbkitt/apps/kbcli/internal/adapters/storages/model.go:84.96,88.24 3 12
github.com/fernandoocampo/kbkitt/apps/kbcli/internal/adapters/storages/model.go:88.24,90.3 1 2
github.com/fernandoocampo/kbkitt/apps/kbcli/internal/adapters/storages/model.go:92.2,94.49 2 12
github.com/fernandoocampo/kbkitt/apps/kbcli/internal/adapters/storages/model.go:97.100,104.13 4 40
github.com/fernandoocampo/kbkitt/apps/kbcli/internal/adapters/storages/model.go:104.13,106.3 1 12
github.com/fernandoocampo/kbkitt/apps/kbcli/internal/adapters/storages/model.go:108.2,110.10 2 40
github.com/fernandoocampo/kbkitt/apps/kbcli/internal/adapters/storages/model.go:113.29,125.2 1 26
github.com/fernandoocampo/kbkitt/apps/kbcli/internal/adapters/storages/model.go:127.39,135.2 1 6
github.com/fernandoocampo/kbkitt/apps/kbcli/internal/adapters/storages/model.go:137.49,140.30 2 7
github.com/fernandoocampo/kbkitt/apps/kbcli/internal/adapters/storages/model.go:140.30,142.3 1 6
github.com/fernandoocampo/kbkitt/apps/kbcli/internal/adapters/storages/model.go:144.2,144.15 1 7
github.com/fernandoocampo/kbkitt/apps/kbcli/internal/adapters/storages/model.go:147.33,150.26 2 4
github.com/fernandoocampo/kbkitt/apps/kbcli/internal/adapters/storages/model.go:150.26,152.3 1 5
github.com/fernandoocampo/kbkitt/apps/kbcli/internal/adapters/storages/model.go:154.2,154.15 1 4
github.com/fernandoocampo/kbkitt/apps/kbcli/internal/adapters/storages/sqlite.go:92.44,98.2 2 28
github.com/fernandoocampo/kbkitt/apps/kbcli/internal/adapters/storages/sqlite.go:101.61,103.16 2 1
github.com/fernandoocampo/kbkitt/apps/kbcli/internal/adapters/storages/sqlite.go:103.16,105.3 1 0
github.com/fernandoocampo/kbkitt/apps/kbcli/internal/adapters/storages/sqlite.go:107.2,107.16 1 1
github.com/fernandoocampo/kbkitt/apps/kbcli/internal/adapters/storages/sqlite.go:110.44,114.16 3 1
github.com/fernandoocampo/kbkitt/apps/kbcli/internal/adapters/storages/sqlite.go:114.16,116.3 1 0
github.com/fernandoocampo/kbkitt/apps/kbcli/internal/adapters/storages/sqlite.go:118.2,118.21 1 1
github.com/fernandoocampo/kbkitt/apps/kbcli/internal/adapters/storages/sqlite.go:121.58,123.16 2 26
github.com/fernandoocampo/kbkitt/apps/kbcli/internal/adapters/storages/sqlite.go:123.16,125.3 1 0
github.com/fernandoocampo/kbkitt/apps/kbcli/internal/adapters/storages/sqlite.go:127.2,128.16 2 26
github.com/fernandoocampo/kbkitt/apps/kbcli/internal/adapters/storages/sqlite.go:128.16,131.3 2 0
github.com/fernandoocampo/kbkitt/apps/kbcli/internal/adapters/storages/sqlite.go:134.2,135.16 2 26
github.com/fernandoocampo/kbkitt/apps/kbcli/internal/adapters/storages/sqlite.go:135.16,137.3 1 0
github.com/fernandoocampo/kbkitt/apps/kbcli/internal/adapters/storages/sqlite.go:138.2,139.16 2 26
github.com/fernandoocampo/kbkitt/apps/kbcli/internal/adapters/storages/sqlite.go:139.16,141.3 1 0
github.com/fernandoocampo/kbkitt/apps/kbcli/internal/adapters/storages/sqlite.go:143.2,144.16 2 26
github.com/fernandoocampo/kbkitt/apps/kbcli/internal/adapters/storages/sqlite.go:144.16,146.3 1 0
github.com/fernandoocampo/kbkitt/apps/kbcli/internal/adapters/storages/sqlite.go:148.2,148.12 1 26
github.com/fernandoocampo/kbkitt/apps/kbcli/internal/adapters/storages/sqlite.go:151.76,153.16 2 25
github.com/fernandoocampo/kbkitt/apps/kbcli/internal/adapters/storages/sqlite.go:153.16,155.3 1 0
github.com/fernandoocampo/kbkitt/apps/kbcli/internal/adapters/storages/sqlite.go:157.2,166.16 4 25
github.com/fernandoocampo/kbkitt/apps/kbcli/internal/adapters/storages/sqlite.go:166.16,168.3 1 1
github.com/fernandoocampo/kbkitt/apps/kbcli/internal/adapters/storages/sqlite.go:170.2,171.16 2 24
github.com/fernandoocampo/kbkitt/apps/kbcli/internal/adapters/storages/sqlite.go:171.16,173.3 1 0
github.com/fernandoocampo/kbkitt/apps/kbcli/internal/adapters/storages/sqlite.go:175.2,175.44 1 24
github.com/fernandoocampo/kbkitt/apps/kbcli/internal/adapters/storages/sqlite.go:178.99,188.16 4 5
github.com/fernandoocampo/kbkitt/apps/kbcli/internal/adapters/storages/sqlite.go:188.16,196.3 2 1
github.com/fernandoocampo/kbkitt/apps/kbcli/internal/adapters/storages/sqlite.go:198.2,201.16 3 4
github.com/fernandoocampo/kbkitt/apps/kbcli/internal/adapters/storages/sqlite.go:201.16,209.3 2 0
github.com/fernandoocampo/kbkitt/apps/kbcli/internal/adapters/storages/sqlite.go:211.2,213.21 2 4
github.com/fernandoocampo/kbkitt/apps/kbcli/internal/adapters/storages/sqlite.go:216.99,226.26 4 9
github.com/fernandoocampo/kbkitt/apps/kbcli/internal/adapters/storages/sqlite.go:226.26,229.3 2 3
github.com/fernandoocampo/kbkitt/apps/kbcli/internal/adapters/storages/sqlite.go:231.2,234.16 3 9
github.com/fernandoocampo/kbkitt/apps/kbcli/internal/adapters/storages/sqlite.go:234.16,242.3 2 2
github.com/fernandoocampo/kbkitt/apps/kbcli/internal/adapters/storages/sqlite.go:244.2,247.16 3 7
github.com/fernandoocampo/kbkitt/apps/kbcli/internal/adapters/storages/sqlite.go:247.16,255.3 2 0
github.com/fernandoocampo/kbkitt/apps/kbcli/internal/adapters/storages/sqlite.go:257.2,259.21 2 7
github.com/fernandoocampo/kbkitt/apps/kbcli/internal/adapters/storages/sqlite.go:262.75,264.16 2 2
github.com/fernandoocampo/kbkitt/apps/kbcli/internal/adapters/storages/sqlite.go:264.16,266.3 1 0
github.com/fernandoocampo/kbkitt/apps/kbcli/internal/adapters/storages/sqlite.go:268.2,268.16 1 2
github.com/fernandoocampo/kbkitt/apps/kbcli/internal/adapters/storages/sqlite.go:271.77,273.16 2 3
github.com/fernandoocampo/kbkitt/apps/kbcli/internal/adapters/storages/sqlite.go:273.16,275.3 1 0
github.com/fernandoocampo/kbkitt/apps/kbcli/internal/adapters/storages/sqlite.go:277.2,277.16 1 3
github.com/fernandoocampo/kbkitt/apps/kbcli/internal/adapters/storages/sqlite.go:280.92,286.40 4 5
github.com/fernandoocampo/kbkitt/apps/kbcli/internal/adapters/storages/sqlite.go:286.40,288.3 1 2
github.com/fernandoocampo/kbkitt/apps/kbcli/internal/adapters/storages/sqlite.go:290.2,290.16 1 3
github.com/fernandoocampo/kbkitt/apps/kbcli/internal/adapters/storages/sqlite.go:290.16,292.3 1 0
github.com/fernandoocampo/kbkitt/apps/kbcli/internal/adapters/storages/sqlite.go:294.2,294.24 1 3
github.com/fernandoocampo/kbkitt/apps/kbcli/internal/adapters/storages/sqlite.go:297.64,299.16 2 1
github.com/fernandoocampo/kbkitt/apps/kbcli/internal/adapters/storages/sqlite.go:299.16,301.3 1 0
github.com/fernandoocampo/kbkitt/apps/kbcli/internal/adapters/storages/sqlite.go:303.2,312.16 4 1
github.com/fernandoocampo/kbkitt/apps/kbcli/internal/adapters/storages/sqlite.go:312.16,314.3 1 0
github.com/fernandoocampo/kbkitt/apps/kbcli/internal/adapters/storages/sqlite.go:316.2,317.16 2 1
github.com/fernandoocampo/kbkitt/apps/kbcli/internal/adapters/storages/sqlite.go:317.16,321.3 2 0
github.com/fernandoocampo/kbkitt/apps/kbcli/internal/adapters/storages/sqlite.go:323.2,325.12 2 1
github.com/fernandoocampo/kbkitt/apps/kbcli/internal/adapters/storages/sqlite.go:328.93,332.16 3 14
github.com/fernandoocampo/kbkitt/apps/kbcli/internal/adapters/storages/sqlite.go:332.16,339.3 2 3
github.com/fernandoocampo/kbkitt/apps/kbcli/internal/adapters/storages/sqlite.go:341.2,346.16 4 11
github.com/fernandoocampo/kbkitt/apps/kbcli/internal/adapters/storages/sqlite.go:346.16,354.3 2 0
github.com/fernandoocampo/kbkitt/apps/kbcli/internal/adapters/storages/sqlite.go:356.2,356.22 1 11
github.com/fernandoocampo/kbkitt/apps/kbcli/internal/adapters/storages/sqlite.go:356.22,358.3 1 0
github.com/fernandoocampo/kbkitt/apps/kbcli/internal/adapters/storages/sqlite.go:360.2,360.19 1 11
github.com/fernandoocampo/kbkitt/apps/kbcli/internal/adapters/storages/sqlite.go:363.100,365.16 2 7
github.com/fernandoocampo/kbkitt/apps/kbcli/internal/adapters/storages/sqlite.go:365.16,373.3 2 0
github.com/fernandoocampo/kbkitt/apps/kbcli/internal/adapters/storages/sqlite.go:375.2,379.18 3 7
github.com/fernandoocampo/kbkitt/apps/kbcli/internal/adapters/storages/sqlite.go:379.18,383.20 3 6
github.com/fernandoocampo/kbkitt/apps/kbcli/internal/adapters/storages/sqlite.go:383.20,391.4 2 0
github.com/fernandoocampo/kbkitt/apps/kbcli/internal/adapters/storages/sqlite.go:393.3,393.35 1 6
github.com/fernandoocampo/kbkitt/apps/kbcli/internal/adapters/storages/sqlite.go:396.2,396.35 1 7
github.com/fernandoocampo/kbkitt/apps/kbcli/internal/adapters/storages/sqlite.go:396.35,404.3 2 0
github.com/fernandoocampo/kbkitt/apps/kbcli/internal/adapters/storages/sqlite.go:406.2,406.22 1 7
github.com/fernandoocampo/kbkitt/apps/kbcli/internal/adapters/storages/sqlite.go:409.92,411.16 2 4
github.com/fernandoocampo/kbkitt/apps/kbcli/internal/adapters/storages/sqlite.go:411.16,419.3 2 0
github.com/fernandoocampo/kbkitt/apps/kbcli/internal/adapters/storages/sqlite.go:421.2,425.18 3 4
github.com/fernandoocampo/kbkitt/apps/kbcli/internal/adapters/storages/sqlite.go:425.18,428.20 3 5
github.com/fernandoocampo/kbkitt/apps/kbcli/internal/adapters/storages/sqlite.go:428.20,436.4 2 0
github.com/fernandoocampo/kbkitt/apps/kbcli/internal/adapters/storages/sqlite.go:438.3,438.35 1 5
github.com/fernandoocampo/kbkitt/apps/kbcli/internal/adapters/storages/sqlite.go:441.2,441.35 1 4
github.com/fernandoocampo/kbkitt/apps/kbcli/internal/adapters/storages/sqlite.go:441.35,449.3 2 0
github.com/fernandoocampo/kbkitt/apps/kbcli/internal/adapters/storages/sqlite.go:451.2,451.22 1 4
github.com/fernandoocampo/kbkitt/apps/kbcli/internal/adapters/storages/sqlite.go:454.87,456.16 2 4
github.com/fernandoocampo/kbkitt/apps/kbcli/internal/adapters/storages/sqlite.go:456.16,464.3 2 1
github.com/fernandoocampo/kbkitt/apps/kbcli/internal/adapters/storages/sqlite.go:466.2,473.16 5 3
github.com/fernandoocampo/kbkitt/apps/kbcli/internal/adapters/storages/sqlite.go:473.16,481.3 2 0
github.com/fernandoocampo/kbkitt/apps/kbcli/internal/adapters/storages/sqlite.go:483.2,483.22 1 3
github.com/fernandoocampo/kbkitt/apps/kbcli/internal/adapters/storages/sqlite.go:483.22,485.3 1 0
github.com/fernandoocampo/kbkitt/apps/kbcli/internal/adapters/storages/sqlite.go:487.2,487.19 1 3
github.com/fernandoocampo/kbkitt/apps/kbcli/internal/adapters/storages/sqlite.go:490.91,497.27 2 14
github.com/fernandoocampo/kbkitt/apps/kbcli/internal/adapters/storages/sqlite.go:497.27,499.3 1 3
github.com/fernandoocampo/kbkitt/apps/kbcli/internal/adapters/storages/sqlite.go:501.2,501.23 1 14
github.com/fernandoocampo/kbkitt/apps/kbcli/internal/adapters/storages/sqlite.go:501.23,503.3 1 4
github.com/fernandoocampo/kbkitt/apps/kbcli/internal/adapters/storages/sqlite.go:505.2,505.28 1 14
github.com/fernandoocampo/kbkitt/apps/kbcli/internal/adapters/storages/sqlite.go:505.28,507.3 1 3
github.com/fernandoocampo/kbkitt/apps/kbcli/internal/adapters/storages/sqlite.go:509.2,509.29 1 14
github.com/fernandoocampo/kbkitt/apps/kbcli/internal/adapters/storages/sqlite.go:509.29,511.3 1 2
github.com/fernandoocampo/kbkitt/apps/kbcli/internal/adapters/storages/sqlite.go:513.2,514.45 2 14
github.com/fernandoocampo/kbkitt/apps/kbcli/internal/adapters/storages/sqlite.go:514.45,516.3 1 12
github.com/fernandoocampo/kbkitt/apps/kbcli/internal/adapters/storages/sqlite.go:518.2,525.45 6 14
github.com/fernandoocampo/kbkitt/apps/kbcli/internal/adapters/storages/sqlite.go:525.45,527.3 1 40
github.com/fernandoocampo/kbkitt/apps/kbcli/internal/adapters/storages/sqlite.go:529.2,532.25 3 14
github.com/fernandoocampo/kbkitt/apps/kbcli/internal/adapters/storages/sqlite.go:535.26,536.29 1 2
github.com/fernandoocampo/kbkitt/apps/kbcli/internal/adapters/storages/sqlite.go:536.29,538.3 1 1
github.com/fernandoocampo/kbkitt/apps/kbcli/internal/adapters/storages/sqlite.go:540.2,541.16 2 1
github.com/fernandoocampo/kbkitt/apps/kbcli/internal/adapters/storages/sqlite.go:541.16,543.3 1 0
